Generating HDL for page 12.12.46.1 CYCLE CONTROL CHECK ACC at 8/18/2023 11:41:05 AM
Note: DOT Function at 4B has input level(s) of S, and output level(s) of S, Logic Function set to OR
Note: DOT Function at 1G has input level(s) of S, and output level(s) of S, Logic Function set to OR
Note: DOT Function at 2D has input level(s) of S, and output level(s) of S, Logic Function set to OR
Ignoring Logic Block 1D with symbol R
Ignoring Logic Block 3H with symbol R
Removed 1 outputs from Gate at 1E to ignored block(s) or identical signal names
Removed 1 outputs from Gate at 5I to ignored block(s) or identical signal names
Generating Statement for block at 5A with output pin(s) of OUT_5A_NoPin
	and inputs of MS_A_CYCLE_CTRL,MS_D_CYCLE_CTRL
	and logic function of AND
Generating Statement for block at 4A with output pin(s) of OUT_4A_B
	and inputs of OUT_5A_NoPin,OUT_5B_NoPin
	and logic function of NOR
Generating Statement for block at 5B with output pin(s) of OUT_5B_NoPin
	and inputs of MS_C_CYCLE_CTRL,MS_B_CYCLE_CTRL
	and logic function of AND
Generating Statement for block at 4B with output pin(s) of OUT_4B_K
	and inputs of MS_A_CYCLE_CTRL,MS_C_CYCLE_CTRL
	and logic function of NAND
Generating Statement for block at 3B with output pin(s) of OUT_3B_A, OUT_3B_A, OUT_3B_A, OUT_3B_A
	and inputs of OUT_DOT_4B
	and logic function of EQUAL
Generating Statement for block at 2B with output pin(s) of OUT_2B_P
	and inputs of OUT_3B_A,PS_1401_CARD_PRINT_IN_PROC
	and logic function of NAND
Generating Statement for block at 5C with output pin(s) of OUT_5C_NoPin
	and inputs of MS_A_CYCLE_CTRL,MS_B_CYCLE_CTRL
	and logic function of AND
Generating Statement for block at 4C with output pin(s) of OUT_4C_G
	and inputs of MS_B_CYCLE_CTRL,MS_D_CYCLE_CTRL
	and logic function of NAND
Generating Statement for block at 2C with output pin(s) of OUT_2C_C
	and inputs of OUT_3B_A,OUT_4F_E
	and logic function of NAND
Generating Statement for block at 1C with output pin(s) of OUT_1C_E
	and inputs of OUT_2B_P,OUT_2C_C,OUT_2F_P
	and logic function of NAND
Generating Statement for block at 5D with output pin(s) of OUT_5D_NoPin
	and inputs of MS_D_CYCLE_CTRL,MS_C_CYCLE_CTRL
	and logic function of AND
Generating Statement for block at 4D with output pin(s) of OUT_4D_C
	and inputs of OUT_5C_NoPin,OUT_5D_NoPin
	and logic function of NOR
Generating Statement for block at 2D with output pin(s) of OUT_2D_P
	and inputs of OUT_3B_A,OUT_4F_E,PS_1401_CARD_PRINT_IN_PROC,OUT_4G_D
	and logic function of NOR
Generating Statement for block at 5E with output pin(s) of OUT_5E_NoPin
	and inputs of MS_F_CH_UNOVLP_IN_PROCESS,MS_E_CH_UNOVLP_IN_PROCESS
	and logic function of AND
Generating Statement for block at 4E with output pin(s) of OUT_4E_H
	and inputs of OUT_5E_NoPin,OUT_5F_NoPin,PS_I_O_LAST_EX_CYCLE
	and logic function of NOR
Generating Statement for block at 1E with output pin(s) of OUT_1E_G
	and inputs of OUT_4A_B,OUT_4D_C,OUT_DOT_2D,OUT_4H_G,OUT_4E_H
	and logic function of NOR
Generating Statement for block at 5F with output pin(s) of OUT_5F_NoPin
	and inputs of MS_X_CYCLE_CTRL,MS_I_CYCLE_CTRL
	and logic function of AND
Generating Statement for block at 4F with output pin(s) of OUT_4F_E, OUT_4F_E, OUT_4F_E
	and inputs of MS_F_CH_UNOVLP_IN_PROCESS,MS_X_CYCLE_CTRL,MS_I_CYCLE_CTRL
	and logic function of NAND
Generating Statement for block at 2F with output pin(s) of OUT_2F_P
	and inputs of OUT_4F_E,PS_1401_CARD_PRINT_IN_PROC
	and logic function of NAND
Generating Statement for block at 5G with output pin(s) of OUT_5G_NoPin
	and inputs of MS_F_CH_UNOVLP_IN_PROCESS,MS_I_CYCLE_CTRL
	and logic function of AND
Generating Statement for block at 4G with output pin(s) of OUT_4G_D, OUT_4G_D
	and inputs of MS_E_CH_UNOVLP_IN_PROCESS
	and logic function of NOT
Generating Statement for block at 2G with output pin(s) of OUT_2G_NoPin
	and inputs of OUT_3B_A,OUT_4G_D
	and logic function of NAND
Generating Statement for block at 1G with output pin(s) of OUT_1G_G
	and inputs of OUT_1E_G,OUT_2G_NoPin
	and logic function of NAND
Generating Statement for block at 5H with output pin(s) of OUT_5H_NoPin
	and inputs of MS_E_CH_UNOVLP_IN_PROCESS,MS_X_CYCLE_CTRL
	and logic function of AND
Generating Statement for block at 4H with output pin(s) of OUT_4H_G
	and inputs of OUT_5G_NoPin,OUT_5H_NoPin,PS_I_O_LAST_EX_CYCLE
	and logic function of NOR
Generating Statement for block at 1H with output pin(s) of OUT_1H_C
	and inputs of OUT_DOT_1G,PS_PROCESS_ROUTINE
	and logic function of NAND
Generating Statement for block at 5I with output pin(s) of OUT_5I_G
	and inputs of PS_E_CYCLE_CTRL,PS_F_CYCLE_CTRL
	and logic function of NAND
Generating Statement for block at 3I with output pin(s) of OUT_3I_C
	and inputs of OUT_5I_G,MS_LOGIC_GATE_A_DOT_R_CHECK
	and logic function of NAND
Generating Statement for block at 4B with output pin(s) of OUT_DOT_4B
	and inputs of OUT_4B_K,OUT_4C_G
	and logic function of OR
Generating Statement for block at 1G with output pin(s) of OUT_DOT_1G
	and inputs of OUT_1G_G,OUT_3I_C
	and logic function of OR
Generating Statement for block at 2D with output pin(s) of OUT_DOT_2D
	and inputs of OUT_1C_E,OUT_2D_P
	and logic function of OR
Generating output sheet edge signal assignment to 
	signal MS_CYCLE_CHECK_ERROR
	from gate output OUT_1H_C
