Generating HDL for page 15.39.04.1 A DATA REG 8 BIT AND DRIVE-ACC at 9/9/2020 11:36:26 AM
Found combinatorial loop (need D FF) at output of gate at 5B
Found combinatorial loop (need D FF) at output of gate at 4B
Removed 3 outputs from Gate at 3E to ignored block(s) or identical signal names
Removed 1 outputs from Gate at 1F to ignored block(s) or identical signal names
Removed 6 outputs from Gate at 2G to ignored block(s) or identical signal names
Removed 3 outputs from Gate at 1H to ignored block(s) or identical signal names
Added LAMP signal LAMP_11C8G12
Generating Statement for block at 2A with output pin(s) of OUT_2A_A
	and inputs of OUT_3E_A
	and logic function of NOT
Generating Statement for block at 1A with output pin(s) of 
	and inputs of OUT_2A_A
	and logic function of Lamp
Generating Statement for block at 5B with *latched* output pin(s) of OUT_5B_NoPin_Latch
	and inputs of MS_RESET_A_DATA_REG,OUT_4B_F
	and logic function of NAND
Generating Statement for block at 4B with *latched* output pin(s) of OUT_4B_F_Latch, OUT_4B_F_Latch, OUT_4B_F_Latch
	and inputs of OUT_5B_NoPin,OUT_5C_NoPin,OUT_5D_D
	and logic function of NAND
Generating Statement for block at 5C with output pin(s) of OUT_5C_NoPin
	and inputs of PS_B_CH_8_BIT,PS_SW_B_CH_TO_A_REG
	and logic function of NAND
Generating Statement for block at 5D with output pin(s) of OUT_5D_D
	and inputs of PS_AR_EXIT_CH_8_BIT,PS_SW_AR_EXIT_CH_TO_A_REG
	and logic function of NAND
Generating Statement for block at 5E with output pin(s) of OUT_5E_D
	and inputs of OUT_4B_F,PS_GATE_A_DATA_REG_TO_A_CH
	and logic function of NAND
Generating Statement for block at 4E with output pin(s) of OUT_4E_D
	and inputs of OUT_5E_D,OUT_5F_D,OUT_5G_D
	and logic function of NAND
Generating Statement for block at 3E with output pin(s) of OUT_3E_A, OUT_3E_A, OUT_3E_A, OUT_3E_A
	and inputs of OUT_DOT_4E
	and logic function of Special
Generating Statement for block at 5F with output pin(s) of OUT_5F_D
	and inputs of PS_E2_REG_8_BIT,PS_GATE_E2_DATA_REG_TO_A_CH
	and logic function of NAND
Generating Statement for block at 1F with output pin(s) of OUT_1F_C
	and inputs of OUT_3E_A
	and logic function of NOT
Generating Statement for block at 5G with output pin(s) of OUT_5G_D
	and inputs of PS_OP_MOD_REG_8_BIT,PS_GATE_OP_MOD_REG_TO_A_CH
	and logic function of NAND
Generating Statement for block at 2G with output pin(s) of OUT_2G_A, OUT_2G_A
	and inputs of OUT_3E_A
	and logic function of Special
Generating Statement for block at 5H with output pin(s) of OUT_5H_D
	and inputs of PS_F2_REG_8_BIT,PS_GATE_F2_DATA_REG_TO_A_CH
	and logic function of NAND
Generating Statement for block at 4H with output pin(s) of OUT_4H_P
	and inputs of OUT_5H_D
	and logic function of NAND
Generating Statement for block at 1H with output pin(s) of OUT_1H_M
	and inputs of OUT_2G_A
	and logic function of NOT
Generating Statement for block at 4E with output pin(s) of OUT_DOT_4E
	and inputs of OUT_4E_D,OUT_4H_P
	and logic function of OR
Generating output sheet edge signal assignment to 
	signal PS_A_DATA_REG_8_BIT
	from gate output OUT_4B_F
Generating output sheet edge signal assignment to 
	signal PS_A_CH_NOT_8_BIT
	from gate output OUT_3E_A
Generating output sheet edge signal assignment to 
	signal PB_A_CH_8_BIT
	from gate output OUT_1F_C
Generating output sheet edge signal assignment to 
	signal PS_A_CH_8_BIT
	from gate output OUT_2G_A
Generating output sheet edge signal assignment to 
	signal PB_A_CH_NOT_8_BIT
	from gate output OUT_1H_M
Generating D Flip Flop for block at 5B
Generating D Flip Flop for block at 4B
