Generating HDL for page 16.14.06.1 ADD OUTPUT TRANSLATOR-ACC at 9/29/2020 5:07:34 PM
Removed 1 outputs from Gate at 5B to ignored block(s) or identical signal names
Removed 1 outputs from Gate at 5C to ignored block(s) or identical signal names
Removed 2 outputs from Gate at 5D to ignored block(s) or identical signal names
Removed 2 outputs from Gate at 5E to ignored block(s) or identical signal names
Removed 1 outputs from Gate at 5F to ignored block(s) or identical signal names
Removed 3 outputs from Gate at 3F to ignored block(s) or identical signal names
Removed 1 outputs from Gate at 1F to ignored block(s) or identical signal names
Removed 3 outputs from Gate at 3H to ignored block(s) or identical signal names
Removed 1 outputs from Gate at 1H to ignored block(s) or identical signal names
Added LAMP signal LAMP_15A1C11
Generating Statement for block at 5B with output pin(s) of OUT_5B_A
	and inputs of MB_B0_SHIFT,MB_ADDER_MX_Q8
	and logic function of NOR
Generating Statement for block at 5C with output pin(s) of OUT_5C_D
	and inputs of MB_ADDER_MX_Q8,MB_B1_SHIFT
	and logic function of NOR
Generating Statement for block at 5D with output pin(s) of OUT_5D_B
	and inputs of MB_ADDER_MX_Q8,MB_B2_SHIFT
	and logic function of NOR
Generating Statement for block at 5E with output pin(s) of OUT_5E_C
	and inputs of MB_ADDER_MX_Q8,MB_B3_SHIFT
	and logic function of NOR
Generating Statement for block at 5F with output pin(s) of OUT_5F_A, OUT_5F_A
	and inputs of MB_ADDER_MX_Q8,MB_B0_OR_B1_SHIFT
	and logic function of NOR
Generating Statement for block at 4F with output pin(s) of OUT_4F_D
	and inputs of OUT_5F_A
	and logic function of NOT
Generating Statement for block at 3F with output pin(s) of OUT_3F_B, OUT_3F_B
	and inputs of OUT_4F_D,MB_ADDER_MX_NO_CARRY_OUT
	and logic function of NAND
Generating Statement for block at 2F with output pin(s) of OUT_2F_A
	and inputs of OUT_3F_B
	and logic function of NOT
Generating Statement for block at 1F with output pin(s) of OUT_1F_F
	and inputs of OUT_2F_A
	and logic function of NOT
Generating Statement for block at 5H with output pin(s) of OUT_5H_D, OUT_5H_D
	and inputs of MB_ADDER_MX_Q8,MB_B2_OR_B3_SHIFT
	and logic function of NOR
Generating Statement for block at 4H with output pin(s) of OUT_4H_E
	and inputs of OUT_5H_D
	and logic function of NOT
Generating Statement for block at 3H with output pin(s) of OUT_3H_C, OUT_3H_C
	and inputs of OUT_4H_E,MB_ADDER_MX_CARRY_OUT
	and logic function of NAND
Generating Statement for block at 2H with output pin(s) of OUT_2H_D
	and inputs of OUT_3H_C
	and logic function of NOT
Generating Statement for block at 1H with output pin(s) of OUT_1H_R, OUT_1H_R
	and inputs of OUT_2H_D
	and logic function of NOT
Generating Statement for block at 3I with output pin(s) of OUT_3I_B
	and inputs of OUT_1H_R
	and logic function of NAND
Generating Statement for block at 2I with output pin(s) of OUT_2I_A
	and inputs of OUT_3I_B
	and logic function of NOT
Generating Statement for block at 1I with output pin(s) of 
	and inputs of OUT_2I_A
	and logic function of Lamp
Generating output sheet edge signal assignment to 
	signal PB_Q8_DOT_B0_SHIFT
	from gate output OUT_5B_A
Generating output sheet edge signal assignment to 
	signal PB_Q8_DOT_B1_SHIFT
	from gate output OUT_5C_D
Generating output sheet edge signal assignment to 
	signal PB_Q8_DOT_B2_SHIFT
	from gate output OUT_5D_B
Generating output sheet edge signal assignment to 
	signal PB_Q8_DOT_B3_SHIFT
	from gate output OUT_5E_C
Generating output sheet edge signal assignment to 
	signal PB_Q8_DOT_B0_OR_B1_SHIFT
	from gate output OUT_5F_A
Generating output sheet edge signal assignment to 
	signal PB_ADDER_NO_CARRY
	from gate output OUT_3F_B
Generating output sheet edge signal assignment to 
	signal PS_ADDER_NO_CARRY
	from gate output OUT_1F_F
Generating output sheet edge signal assignment to 
	signal PB_Q8_DOT_B2_OR_B3_SHIFT
	from gate output OUT_5H_D
Generating output sheet edge signal assignment to 
	signal PB_ADDER_CARRY
	from gate output OUT_3H_C
Generating output sheet edge signal assignment to 
	signal PS_ADDER_CARRY
	from gate output OUT_1H_R
