Generating HDL for page 13.14.07.1 OP CODE GROUPING at 7/25/2020 11:23:44 AM
Removed 3 outputs from Gate at 4E to ignored block(s) or identical signal names
Removed 2 outputs from Gate at 4H to ignored block(s) or identical signal names
Generating Statement for block at 4A with output pin(s) of OUT_4A_H
	and inputs of MS_W_OR_V_OR_CLEAR_OP_CODES,MS_CHAR_TEST_BRANCH_OP_CODE
	and logic function of NAND
Generating Statement for block at 4C with output pin(s) of OUT_4C_D
	and inputs of MS_COMMON_OP_CODE_GROUPING,MS_CLEAR_OP_CODE,MS_STOP_DOT_BRANCH_OP_CODE
	and logic function of NAND
Generating Statement for block at 4D with output pin(s) of OUT_4D_P
	and inputs of OUT_4E_A,MS_1401_LB_OR_H_OR_Q_OP_CODES
	and logic function of NAND
Generating Statement for block at 5E with output pin(s) of OUT_5E_H
	and inputs of MS_TABLE_SEARCH_OP_CODE,MS_DATA_MOVE_OP_CODE
	and logic function of NAND
Generating Statement for block at 4E with output pin(s) of OUT_4E_A, OUT_4E_A
	and inputs of OUT_5E_H
	and logic function of NOT
Generating Statement for block at 5F with output pin(s) of OUT_5F_C
	and inputs of MS_UNIT_CTRL_OP_CODE,MS_1401_CARD_OR_PRINT_OP_CODE
	and logic function of NAND
Generating Statement for block at 5G with output pin(s) of OUT_5G_C
	and inputs of MS_E_CH_2_CHAR_ONLY_OP_CODES,MS_W_OR_V_OP_CODES,OUT_4H_R
	and logic function of NAND
Generating Statement for block at 5H with output pin(s) of OUT_5H_NoPin
	and inputs of MS_J_OR_R_OR_X_I_OR_O_OP_CODES_JRJ,MS_CHAR_TEST_BRANCH_OP_CODE,MS_INTERRUPT_TEST_OP_CODE
	and logic function of NAND
Generating Statement for block at 4H with output pin(s) of OUT_4H_R, OUT_4H_R
	and inputs of OUT_5H_NoPin
	and logic function of NOT
Generating Statement for block at 1C with output pin(s) of OUT_DOT_1C
	and inputs of OUT_4C_D,OUT_4D_P
	and logic function of OR
Generating Statement for block at 1F with output pin(s) of OUT_DOT_1F
	and inputs of OUT_5F_C,OUT_5G_C
	and logic function of OR
Generating output sheet edge signal assignment to 
	signal PS_B_CY_FIRST_OP_CODES
	from gate output OUT_4A_H
Generating output sheet edge signal assignment to 
	signal MS_ARS_D_OR_T_OP_CODES
	from gate output OUT_4E_A
Generating output sheet edge signal assignment to 
	signal MS_J_OR_R_OR_X_I_OR_O_OP_CODES
	from gate output OUT_4H_R
Generating output sheet edge signal assignment to 
	signal PS_A_REG_TO_A_CH_ON_B_CY_OPS
	from gate output OUT_DOT_1C
Generating output sheet edge signal assignment to 
	signal PS_OP_MOD_TO_A_CH_ON_B_CY_OPS
	from gate output OUT_DOT_1F
