Generating HDL for page 15.60.08.1 E CH INPUT SWITCHING WM BIT-ACC at 11/7/2020 9:59:55 AM
Note: DOT Function at 2C has input level(s) of S, and output level(s) of S, Logic Function set to OR
Note: DOT Function at 5E has input level(s) of C, and output level(s) of , Logic Function set to OR
NOTE: DOT Function at 5E is fed only by rotary switch(es) and/or resistors an/or -C inputs. Changing logic function to AND
Ignoring Logic Block 3F with symbol CAP
Removed 1 outputs from Gate at 1C to ignored block(s) or identical signal names
Removed 1 outputs from Gate at 4F to ignored block(s) or identical signal names
Generating Statement for block at 4C with output pin(s) of OUT_4C_NoPin
	and inputs of PS_ASSEMBLY_CH_WM_BIT,PS_GATE_ASM_CH_TO_E1_INPUT
	and logic function of NAND
Generating Statement for block at 2C with output pin(s) of OUT_2C_A
	and inputs of OUT_4C_NoPin,OUT_4D_NoPin
	and logic function of NAND
Generating Statement for block at 1C with output pin(s) of OUT_1C_F, OUT_1C_F
	and inputs of OUT_DOT_2C
	and logic function of NOT
Generating Statement for block at 4D with output pin(s) of OUT_4D_NoPin
	and inputs of PS_CONSOLE_WM_CHARACTER,PS_GATE_CONSOLE_PRTR_TO_E1_IN
	and logic function of NAND
Generating Statement for block at 2E with output pin(s) of OUT_2E_L
	and inputs of OUT_DOT_5E,MS_GATE_E_CH_FILE_TO_E1_IN
	and logic function of NOR
Generating Statement for block at 1E with output pin(s) of OUT_1E_R
	and inputs of OUT_1C_F
	and logic function of NOT
Generating Statement for block at 5F with output pin(s) of OUT_5F_T
	and inputs of MV_36_VOLTS
	and logic function of Switch
Generating Statement for block at 4F with output pin(s) of OUT_4F_X
	and inputs of OUT_5F_T
	and logic function of Resistor
Generating Statement for block at 2F with output pin(s) of OUT_2F_L
	and inputs of OUT_4F_X,MS_GATE_BIT_SENSE_SWITCH
	and logic function of NOR
Generating Statement for block at 2C with output pin(s) of OUT_DOT_2C
	and inputs of OUT_2C_A,PS_E1_INPUT_WM_BIT_STAR_SIF,PS_E1_INPUT_WM_BIT_STAR_1412_19,OUT_2E_L,OUT_2F_L
	and logic function of OR
Generating Statement for block at 5E with output pin(s) of OUT_DOT_5E
	and inputs of MC_E_CH_1301_TO_CPU_WM_BIT,MC_E_CH_1405_TO_CPU_WM_BIT
	and logic function of AND
Generating output sheet edge signal assignment to 
	signal MS_E1_INPUT_WM_BIT
	from gate output OUT_1C_F
Generating output sheet edge signal assignment to 
	signal PS_E1_INPUT_WM_BIT
	from gate output OUT_1E_R
