Generating HDL for page 13.14.06.1 OP CODE GROUPING-ACC at 7/25/2020 11:23:42 AM
Removed 3 outputs from Gate at 4A to ignored block(s) or identical signal names
Removed 8 outputs from Gate at 3H to ignored block(s) or identical signal names
Generating Statement for block at 5A with output pin(s) of OUT_5A_H
	and inputs of MS_ADD_TYPE_OR_MLP_OR_DIV_OR_E_OR_Z_OR_C_OPS,MS_WORD_MARK_OP_CODES
	and logic function of NAND
Generating Statement for block at 4A with output pin(s) of OUT_4A_A, OUT_4A_A, OUT_4A_A
	and inputs of OUT_5A_H
	and logic function of NOT
Generating Statement for block at 4B with output pin(s) of OUT_4B_G
	and inputs of OUT_4A_A,MS_W_OR_V_OR_CLEAR_OP_CODES,OUT_3E_D
	and logic function of NAND
Generating Statement for block at 4D with output pin(s) of OUT_4D_G
	and inputs of MS_STORE_ADDR_REGS_OP_CODE,MS_TABLE_SEARCH_OP_CODE,MS_CHAR_TEST_BRANCH_OP_CODE
	and logic function of NAND
Generating Statement for block at 4E with output pin(s) of OUT_4E_NoPin
	and inputs of MS_1401_POUND_SIGN_OP_CODE,MS_1401_STORE_AR_OP_CODES
	and logic function of NAND
Generating Statement for block at 3E with output pin(s) of OUT_3E_D, OUT_3E_D
	and inputs of OUT_4E_NoPin
	and logic function of NOT
Generating Statement for block at 5G with output pin(s) of OUT_5G_E
	and inputs of OUT_4A_A,MS_ARS_D_OR_T_OP_CODES,MS_1401_POUND_SIGN_OP_CODE
	and logic function of NAND
Generating Statement for block at 5H with output pin(s) of OUT_5H_NoPin
	and inputs of MS_ADD_TYPE_OR_MLP_OR_DIV_OR_E_OR_Z_OR_C_OPS,MS_1401_POUND_SIGN_OP_CODE,MS_ARS_D_OR_T_OP_CODES
	and logic function of NAND
Generating Statement for block at 4H with output pin(s) of OUT_4H_D
	and inputs of OUT_5H_NoPin,PS_A_CYCLE
	and logic function of NAND
Generating Statement for block at 3H with output pin(s) of OUT_3H_G
	and inputs of OUT_4H_D
	and logic function of EQUAL
Generating Statement for block at 1B with output pin(s) of OUT_DOT_1B
	and inputs of OUT_4B_G,OUT_4D_G
	and logic function of OR
Generating output sheet edge signal assignment to 
	signal MS_COMMON_OP_CODE_GROUPING
	from gate output OUT_4A_A
Generating output sheet edge signal assignment to 
	signal MS_1401_LB_OR_H_OR_Q_OP_CODES
	from gate output OUT_3E_D
Generating output sheet edge signal assignment to 
	signal PS_A_CY_FIRST_OP_CODES
	from gate output OUT_5G_E
Generating output sheet edge signal assignment to 
	signal MS_STD_A_CYCLE_OPS_DOT_A_CYCLE
	from gate output OUT_3H_G
Generating output sheet edge signal assignment to 
	signal PS_1ST_SCAN_FIRST_OP_CODES
	from gate output OUT_DOT_1B
