Generating HDL for page 15.70.03.1 F CH INPUT SWITCHING 4 BIT at 9/27/2020 5:15:47 PM
Note: DOT Function at 5E has input level(s) of C, and output level(s) of , Logic Function set to OR
NOTE: DOT Function at 5E is fed only by rotary switch(es) and/or resistors an/or -C inputs. Changing logic function to AND
Note: DOT Function at 2E has input level(s) of S, and output level(s) of S, Logic Function set to OR
Removed 1 outputs from Gate at 1C to ignored block(s) or identical signal names
Generating Statement for block at 4C with output pin(s) of OUT_4C_F
	and inputs of PS_ASSEMBLY_CH_4_BIT,PS_ASSEMBLY_TO_F_CH
	and logic function of NAND
Generating Statement for block at 2C with output pin(s) of OUT_2C_F
	and inputs of OUT_4C_F
	and logic function of NAND
Generating Statement for block at 1C with output pin(s) of OUT_1C_B
	and inputs of OUT_1E_D
	and logic function of NOT
Generating Statement for block at 2E with output pin(s) of OUT_2E_C
	and inputs of OUT_DOT_5E,MS_FILE_TO_F_CH
	and logic function of NOR
Generating Statement for block at 1E with output pin(s) of OUT_1E_D, OUT_1E_D
	and inputs of OUT_DOT_2E
	and logic function of NOT
Generating Statement for block at 2G with output pin(s) of OUT_2G_C
	and inputs of MC_F_CH_TAU_TO_CPU_4_BIT,MS_TAPE_TO_F_CH
	and logic function of NOR
Generating Statement for block at 5E with output pin(s) of OUT_DOT_5E
	and inputs of MC_F_CH_1301_TO_CPU_4_BIT,MC_F_CH_1405_TO_CPU_4_BIT
	and logic function of AND
Generating Statement for block at 2E with output pin(s) of OUT_DOT_2E
	and inputs of OUT_2C_F,OUT_2E_C,PS_F1_INPUT_4_BIT_STAR_SIF,PS_F1_INPUT_4_BIT_STAR_1414_STAR,PS_F1_INPUT_4_BIT_STAR_1412_19,OUT_2G_C
	and logic function of OR
Generating output sheet edge signal assignment to 
	signal PS_F1_INPUT_4_BIT
	from gate output OUT_1C_B
Generating output sheet edge signal assignment to 
	signal MS_F1_INPUT_4_BIT
	from gate output OUT_1E_D
