Generating HDL for page 14.45.04.1 ADDRESS CHANNEL DRIVE 4 BIT-ACC at 8/30/2020 1:47:30 PM
Processing extension from block at 1C (Database ID=242418) to 1D (Database ID=242419)
Removed 35 outputs from Gate at 1C to ignored block(s) or identical signal names
Added LAMP signal LAMP_11C8G07
Generating Statement for block at 2A with output pin(s) of OUT_2A_A
	and inputs of OUT_3C_C
	and logic function of NOT
Generating Statement for block at 1A with output pin(s) of 
	and inputs of OUT_2A_A
	and logic function of Lamp
Generating Statement for block at 4C with output pin(s) of OUT_4C_D
	and inputs of MS_ADDR_MOD_04_BIT,MS_ADDR_MOD_14_BIT,MS_ADDR_MOD_48_BIT
	and logic function of NAND
Generating Statement for block at 3C with output pin(s) of OUT_3C_C, OUT_3C_C
	and inputs of OUT_DOT_4C
	and logic function of NOT
Generating Statement for block at 1C with output pin(s) of OUT_1C_A
	and inputs of OUT_3C_C
	and logic function of Special
Generating Statement for block at 4D with output pin(s) of OUT_4D_E
	and inputs of MS_ADDR_MOD_24_BIT,MS_COMPAT_TSLTR_THP_4_BIT_A,MS_COMPAT_TSLTR_THP_4_BIT_B
	and logic function of NAND
Generating Statement for block at 4E with output pin(s) of OUT_4E_F
	and inputs of MS_ADDR_CH_NU_TSLTR_4_LINE
	and logic function of NOT
Generating Statement for block at 4F with output pin(s) of OUT_4F_R
	and inputs of MS_ADDR_CH_NU_TSLTR_6_LINE
	and logic function of NOT
Generating Statement for block at 4G with output pin(s) of OUT_4G_B
	and inputs of MS_PERCENT_CONVERSION
	and logic function of NOT
Generating Statement for block at 4H with output pin(s) of OUT_4H_F
	and inputs of MS_ADDR_CH_NU_TSLTR_7_LINE
	and logic function of NOT
Generating Statement for block at 4I with output pin(s) of OUT_4I_R
	and inputs of MS_ADDR_CH_NU_TSLTR_5_LINE
	and logic function of NOT
Generating Statement for block at 4C with output pin(s) of OUT_DOT_4C
	and inputs of OUT_4C_D,PS_ADDR_CH_4_B_STAR_ADDR_MOD,OUT_4D_E,OUT_4E_F,OUT_4F_R,OUT_4G_B,OUT_4H_F,OUT_4I_R
	and logic function of OR
Generating output sheet edge signal assignment to 
	signal PS_ADDR_CH_4_B_1
	from gate output OUT_1C_A
