Generating HDL for page 16.13.01.1 ADD MATRIX BINARY CARRY IN-ACC at 9/29/2020 10:58:07 AM
Removed 1 outputs from Gate at 3A to ignored block(s) or identical signal names
Removed 1 outputs from Gate at 3B to ignored block(s) or identical signal names
Removed 1 outputs from Gate at 3C to ignored block(s) or identical signal names
Removed 1 outputs from Gate at 3D to ignored block(s) or identical signal names
Removed 1 outputs from Gate at 3E to ignored block(s) or identical signal names
Removed 1 outputs from Gate at 3F to ignored block(s) or identical signal names
Removed 1 outputs from Gate at 3G to ignored block(s) or identical signal names
Removed 1 outputs from Gate at 3H to ignored block(s) or identical signal names
Generating Statement for block at 3A with output pin(s) of OUT_3A_B
	and inputs of MB_ADD_BB0,MB_ADD_AB0,MB_NO_CARRY_LATCH
	and logic function of NOR
Generating Statement for block at 3B with output pin(s) of OUT_3B_C
	and inputs of MB_ADD_AB0,MB_ADD_BB1,MB_CARRY_LATCH
	and logic function of NOR
Generating Statement for block at 3C with output pin(s) of OUT_3C_A
	and inputs of MB_ADD_BB0,MB_ADD_AB1,MB_CARRY_LATCH
	and logic function of NOR
Generating Statement for block at 3D with output pin(s) of OUT_3D_B
	and inputs of MB_ADD_AB1,MB_ADD_BB1,MB_NO_CARRY_LATCH
	and logic function of NOR
Generating Statement for block at 3E with output pin(s) of OUT_3E_C
	and inputs of MB_ADD_BB1,MB_NO_CARRY_LATCH,MB_ADD_AB0
	and logic function of NOR
Generating Statement for block at 3F with output pin(s) of OUT_3F_A
	and inputs of MB_ADD_AB1,MB_NO_CARRY_LATCH,MB_ADD_BB0
	and logic function of NOR
Generating Statement for block at 3G with output pin(s) of OUT_3G_B
	and inputs of MB_CARRY_LATCH,MB_ADD_AB0,MB_ADD_BB0
	and logic function of NOR
Generating Statement for block at 3H with output pin(s) of OUT_3H_C
	and inputs of MB_CARRY_LATCH,MB_ADD_AB1,MB_ADD_BB1
	and logic function of NOR
Generating output sheet edge signal assignment to 
	signal PB_AB0_DOT_BB0_DOT_NC
	from gate output OUT_3A_B
Generating output sheet edge signal assignment to 
	signal PB_AB0_DOT_BB1_DOT_C
	from gate output OUT_3B_C
Generating output sheet edge signal assignment to 
	signal PB_AB1_DOT_BB0_DOT_C
	from gate output OUT_3C_A
Generating output sheet edge signal assignment to 
	signal PB_AB1_DOT_BB1_DOT_NC
	from gate output OUT_3D_B
Generating output sheet edge signal assignment to 
	signal PB_AB0_DOT_BB1_DOT_NC
	from gate output OUT_3E_C
Generating output sheet edge signal assignment to 
	signal PB_AB1_DOT_BB0_DOT_NC
	from gate output OUT_3F_A
Generating output sheet edge signal assignment to 
	signal PB_AB0_DOT_BB0_DOT_C
	from gate output OUT_3G_B
Generating output sheet edge signal assignment to 
	signal PB_AB1_DOT_BB1_DOT_C
	from gate output OUT_3H_C
