Generating HDL for page 14.15.05.1 AR BUS TENS POS 2 AND 4 BITS at 5/24/2022 11:27:34 AM
Note: DOT Function at 1A has input level(s) of S, and output level(s) of S, Logic Function set to OR
Note: DOT Function at 1F has input level(s) of S, and output level(s) of S, Logic Function set to OR
Notes indicated to force a  D FF at output of gate at 3A
Notes indicated to force a  D FF at output of gate at 3B
Notes indicated to force a  D FF at output of gate at 3C
Notes indicated to force a  D FF at output of gate at 3D
Notes indicated to force a  D FF at output of gate at 3F
Notes indicated to force a  D FF at output of gate at 3G
Notes indicated to force a  D FF at output of gate at 3H
Notes indicated to force a  D FF at output of gate at 3I
Generating Statement for block at 3A with *latched* output pin(s) of OUT_3A_A_Latch
	and inputs of MS_A_AR_GT_OUT_TP2B,MS_C_AR_GT_OUT_TP2B,MS_I_AR_GT_OUT_TP2B
	and logic function of NAND
Generating Statement for block at 3B with *latched* output pin(s) of OUT_3B_A_Latch
	and inputs of MS_B_AR_GT_OUT_TP2B,MS_ADDR_GEN_T_POS_3_DIGIT,MS_RO_FIXED_ADDR
	and logic function of NAND
Generating Statement for block at 3C with *latched* output pin(s) of OUT_3C_A_Latch
	and inputs of MS_D_AR_GT_OUT_TP2B,MS_ADDR_GEN_TP_24_BIT,MS_ADDR_GEN_T_POS_2_DIGIT
	and logic function of NAND
Generating Statement for block at 3D with *latched* output pin(s) of OUT_3D_A_Latch
	and inputs of MS_E_AR_GT_OUT_TP2B,MS_F_AR_GT_OUT_TP2B
	and logic function of NAND
Generating Statement for block at 3F with *latched* output pin(s) of OUT_3F_D_Latch
	and inputs of MS_A_AR_GT_OUT_TP4B,MS_C_AR_GT_OUT_TP4B,MS_I_AR_GT_OUT_TP4B
	and logic function of NAND
Generating Statement for block at 3G with *latched* output pin(s) of OUT_3G_D_Latch
	and inputs of MS_B_AR_GT_OUT_TP4B,MS_ADDR_GEN_T_POS_4_DIGIT,MS_ADDR_GEN_T_POS_5_DIGIT
	and logic function of NAND
Generating Statement for block at 3H with *latched* output pin(s) of OUT_3H_D_Latch
	and inputs of MS_D_AR_GT_OUT_TP4B,MS_ADDR_GEN_TP_24_BIT,MS_ADDR_GEN_TP_48_BIT
	and logic function of NAND
Generating Statement for block at 3I with *latched* output pin(s) of OUT_3I_D_Latch
	and inputs of MS_E_AR_GT_OUT_TP4B,MS_F_AR_GT_OUT_TP4B
	and logic function of NAND
Generating Statement for block at 1A with output pin(s) of OUT_DOT_1A
	and inputs of OUT_3A_A,OUT_3B_A,OUT_3C_A,OUT_3D_A
	and logic function of OR
Generating Statement for block at 1F with output pin(s) of OUT_DOT_1F
	and inputs of OUT_3F_D,OUT_3G_D,OUT_3H_D,OUT_3I_D
	and logic function of OR
Generating output sheet edge signal assignment to 
	signal PS_AR_BUS_TP2B
	from gate output OUT_DOT_1A
Generating output sheet edge signal assignment to 
	signal PS_AR_BUS_TP4B
	from gate output OUT_DOT_1F
Generating D Flip Flop for block at 3A
Generating D Flip Flop for block at 3B
Generating D Flip Flop for block at 3C
Generating D Flip Flop for block at 3D
Generating D Flip Flop for block at 3F
Generating D Flip Flop for block at 3G
Generating D Flip Flop for block at 3H
Generating D Flip Flop for block at 3I
