Generating HDL for page 15.30.06.1 B CHANNEL DRIVE B BIT FEATURE at 9/8/2020 4:21:31 PM
Ignoring Logic Block 5F with symbol R
Processing extension from block at 3B (Database ID=246847) to 3C (Database ID=246848)
Processing extension from block at 3E (Database ID=246851) to 3F (Database ID=246852)
WARNING: During sheet edge merge, Logic block at 3B pin E outputs to two different signal names: +B B CH NOT B BIT vs. +S B CH NOT B BIT
WARNING: During sheet edge merge, Logic block at 3E pin H outputs to two different signal names: +B B CH B BIT vs. +S B CH B BIT
Removed 10 outputs from Gate at 3B to ignored block(s) or identical signal names
Removed 21 outputs from Gate at 3E to ignored block(s) or identical signal names
Removed 1 outputs from Dot Function at 5D to ignored block(s) or identical signal names
Added LAMP signal LAMP_11C8L13
Generating Statement for block at 3A with output pin(s) of OUT_3A_C
	and inputs of OUT_5E_F
	and logic function of NOT
Generating Statement for block at 2A with output pin(s) of 
	and inputs of OUT_3A_C
	and logic function of Lamp
Generating Statement for block at 3B with output pin(s) of OUT_3B_E, OUT_3B_E
	and inputs of OUT_5E_F
	and logic function of EQUAL
Generating Statement for block at 5E with output pin(s) of OUT_5E_F, OUT_5E_F, OUT_5E_F
	and inputs of OUT_DOT_5D
	and logic function of NOT
Generating Statement for block at 3E with output pin(s) of OUT_3E_H, OUT_3E_H
	and inputs of OUT_5E_F
	and logic function of Special
Generating Statement for block at 5D with output pin(s) of OUT_DOT_5D
	and inputs of PS_B_DATA_REG_B_BIT_STAR_0_STAR,PS_B_DATA_REG_B_BIT_STAR_1_STAR,PS_B_DATA_REG_B_BIT_STAR_2_STAR,PS_B_DATA_REG_B_BIT_STAR_3_STAR,PS_B_DATA_REG_B_BIT_STAR_FROM_M2_STAR
	and logic function of OR
Generating output sheet edge signal assignment to 
	signal PS_B_CH_NOT_B_BIT
	from gate output OUT_3B_E
Generating output sheet edge signal assignment to 
	signal PB_B_CH_NOT_B_BIT
	from gate output OUT_3B_E
Generating output sheet edge signal assignment to 
	signal PS_B_CH_B_BIT
	from gate output OUT_3E_H
Generating output sheet edge signal assignment to 
	signal PB_B_CH_B_BIT
	from gate output OUT_3E_H
