Generating HDL for page 14.71.60.1 ADDRESS CHANNEL CONTROLS at 6/17/2022 3:54:46 PM
Block at coordinate 4C is marked for No HDL Generation -- skipped.
Block at coordinate 2C is marked for No HDL Generation -- skipped.
Block at coordinate 4H is marked for No HDL Generation -- skipped.
Note: DOT Function at 4B has input level(s) of S, and output level(s) of S, Logic Function set to OR
Note: DOT Function at 2D has input level(s) of S, and output level(s) of S, Logic Function set to OR
Note: DOT Function at 4G has input level(s) of S, and output level(s) of S, Logic Function set to OR
Removed 1 outputs from Gate at 1D to ignored block(s) or identical signal names
Generating Statement for block at 4A with output pin(s) of OUT_4A_F
	and inputs of PS_LOGIC_GATE_Z
	and logic function of NOT
Generating Statement for block at 2A with output pin(s) of OUT_2A_D
	and inputs of MS_ADDRESS_SET_ROUTINE
	and logic function of NOT
Generating Statement for block at 4B with output pin(s) of OUT_4B_B
	and inputs of MS_ANY_LAST_GATE
	and logic function of NOT
Generating Statement for block at 2B with output pin(s) of OUT_2B_R
	and inputs of OUT_DOT_4B
	and logic function of NOT
Generating Statement for block at 1D with output pin(s) of OUT_1D_D
	and inputs of OUT_DOT_2D
	and logic function of NOT
Generating Statement for block at 4F with output pin(s) of OUT_4F_B
	and inputs of PS_LOGIC_GATE_H
	and logic function of NOT
Generating Statement for block at 4G with output pin(s) of OUT_4G_C
	and inputs of MS_X_CYCLE
	and logic function of NOT
Note: During generation an input to the block at 2G, connection database ID 245755 was found to come from a block marked for no HDL generation
Generating Statement for block at 2G with output pin(s) of OUT_2G_C
	and inputs of OUT_DOT_4G,MS_LOGIC_GATE_G
	and logic function of NAND
Generating Statement for block at 4B with output pin(s) of OUT_DOT_4B
	and inputs of OUT_4A_F,OUT_2A_D,OUT_4B_B
	and logic function of OR
Note: During generation an input to the block at 2D, connection database ID 245743 was found to come from a block marked for no HDL generation
Generating Statement for block at 2D with output pin(s) of OUT_DOT_2D
	and inputs of OUT_2B_R,PS_ZERO_TO_ADDR_CH,OUT_2G_C
	and logic function of OR
Generating Statement for block at 4G with output pin(s) of OUT_DOT_4G
	and inputs of OUT_4F_B,OUT_4G_C
	and logic function of OR
Generating output sheet edge signal assignment to 
	signal MS_INSERT_ZERO_ON_ADDR_CH
	from gate output OUT_1D_D
