Generating HDL for page 15.60.31.1 E CH LINE DRIVERS at 9/18/2020 9:20:21 PM
WARNING: During sheet edge merge, Logic block at 3D pin A outputs to two different signal names: -C CPU TO E CH 1405 2 BIT vs. -C CPU TO E CH 1301 2 BIT
WARNING: During sheet edge merge, Logic block at 3H pin E outputs to two different signal names: -C CPU TO E CH 1405 1 BIT vs. -C CPU TO E CH 1301 1 BIT
Removed 1 outputs from Gate at 3C to ignored block(s) or identical signal names
Removed 1 outputs from Gate at 3G to ignored block(s) or identical signal names
Generating Statement for block at 3B with output pin(s) of OUT_3B_A
	and inputs of MS_E2_REG_2_BIT
	and logic function of EQUAL
Generating Statement for block at 3C with output pin(s) of OUT_3C_A
	and inputs of MS_E2_REG_2_BIT
	and logic function of EQUAL
Generating Statement for block at 3D with output pin(s) of OUT_3D_A, OUT_3D_A
	and inputs of MS_E2_REG_2_BIT
	and logic function of EQUAL
Generating Statement for block at 3F with output pin(s) of OUT_3F_E
	and inputs of MS_E2_REG_1_BIT
	and logic function of EQUAL
Generating Statement for block at 3G with output pin(s) of OUT_3G_E
	and inputs of MS_E2_REG_1_BIT
	and logic function of EQUAL
Generating Statement for block at 3H with output pin(s) of OUT_3H_E, OUT_3H_E
	and inputs of MS_E2_REG_1_BIT
	and logic function of EQUAL
Generating output sheet edge signal assignment to 
	signal MC_CPU_TO_E_CH_TAU_2_BIT
	from gate output OUT_3B_A
Generating output sheet edge signal assignment to 
	signal MC_CPU_TO_I_O_SYNC_2_BIT
	from gate output OUT_3C_A
Generating output sheet edge signal assignment to 
	signal MC_CPU_TO_E_CH_1301_2_BIT
	from gate output OUT_3D_A
Generating output sheet edge signal assignment to 
	signal MC_CPU_TO_E_CH_1405_2_BIT
	from gate output OUT_3D_A
Generating output sheet edge signal assignment to 
	signal MC_CPU_TO_E_CH_TAU_1_BIT
	from gate output OUT_3F_E
Generating output sheet edge signal assignment to 
	signal MC_CPU_TO_I_O_SYNC_1_BIT
	from gate output OUT_3G_E
Generating output sheet edge signal assignment to 
	signal MC_CPU_TO_E_CH_1301_1_BIT
	from gate output OUT_3H_E
Generating output sheet edge signal assignment to 
	signal MC_CPU_TO_E_CH_1405_1_BIT
	from gate output OUT_3H_E
