Generating HDL for page 12.62.03.1 CHECK AND CONDITION FOR E CHANNEL at 7/17/2020 12:32:57 PM
NOTE: DOT Function at 5A is fed only by rotary switch(es) and/or resistors an/or -C inputs. Changing logic function to AND
NOTE: DOT Function at 5B is fed only by rotary switch(es) and/or resistors an/or -C inputs. Changing logic function to AND
NOTE: DOT Function at 5D is fed only by rotary switch(es) and/or resistors an/or -C inputs. Changing logic function to AND
NOTE: DOT Function at 5E is fed only by rotary switch(es) and/or resistors an/or -C inputs. Changing logic function to AND
Ignoring Logic Block 2A with symbol R
Ignoring Logic Block 2B with symbol R
Ignoring Logic Block 2I with symbol R
Removed 1 outputs from Gate at 3C to ignored block(s) or identical signal names
Removed 2 outputs from Gate at 1C to ignored block(s) or identical signal names
Removed 1 outputs from Gate at 3F to ignored block(s) or identical signal names
Removed 3 outputs from Gate at 1G to ignored block(s) or identical signal names
Removed 1 outputs from Dot Function at 2B to ignored block(s) or identical signal names
Generating Statement for block at 3A with output pin(s) of OUT_3A_C
	and inputs of OUT_DOT_5A,MS_E_CH_SELECT_UNIT_F
	and logic function of NOR
Generating Statement for block at 3B with output pin(s) of OUT_3B_C
	and inputs of OUT_DOT_5B,MS_E_CH_SELECT_ANY_BUFFER
	and logic function of NOR
Generating Statement for block at 3C with output pin(s) of OUT_3C_B, OUT_3C_B
	and inputs of MC_TAPE_ERROR
	and logic function of NOR
Generating Statement for block at 2C with output pin(s) of OUT_2C_D, OUT_2C_D
	and inputs of OUT_DOT_2B
	and logic function of NOT
Generating Statement for block at 1C with output pin(s) of OUT_1C_F
	and inputs of OUT_2C_D
	and logic function of NOT
Generating Statement for block at 3D with output pin(s) of OUT_3D_L
	and inputs of OUT_DOT_5D,MS_E_CH_SELECT_UNIT_F
	and logic function of NOR
Generating Statement for block at 2D with output pin(s) of OUT_2D_P
	and inputs of OUT_3C_B,PS_E_CH_SELECT_TAPE_DATA
	and logic function of NAND
Generating Statement for block at 3E with output pin(s) of OUT_3E_L
	and inputs of OUT_DOT_5E,MS_E_CH_SELECT_ANY_BUFFER
	and logic function of NOR
Generating Statement for block at 2E with output pin(s) of OUT_2E_G
	and inputs of OUT_2D_P,OUT_4F_G
	and logic function of NAND
Generating Statement for block at 4F with output pin(s) of OUT_4F_G
	and inputs of PS_1401_MODE,OUT_5G_B
	and logic function of NAND
Generating Statement for block at 3F with output pin(s) of OUT_3F_L, OUT_3F_L, OUT_3F_L
	and inputs of MC_SEL_OR_TAPE_IND_ON_CH_1
	and logic function of NOR
Generating Statement for block at 5G with output pin(s) of OUT_5G_B, OUT_5G_B
	and inputs of MC_RBC_ERROR_1405_E_CH,MS_E_CH_SELECT_UNIT_F_A
	and logic function of NOR
Generating Statement for block at 4G with output pin(s) of OUT_4G_K
	and inputs of OUT_5G_B,MS_1401_MODE
	and logic function of NAND
Generating Statement for block at 3G with output pin(s) of OUT_3G_D
	and inputs of OUT_4G_K,OUT_2H_R,OUT_3H_G
	and logic function of NAND
Generating Statement for block at 2G with output pin(s) of OUT_2G_F
	and inputs of OUT_DOT_3G
	and logic function of NOT
Generating Statement for block at 1G with output pin(s) of OUT_1G_D
	and inputs of OUT_2G_F
	and logic function of NOT
Generating Statement for block at 3H with output pin(s) of OUT_3H_G
	and inputs of PS_CONS_INQUIRY_CANCEL_KEY_STAR_NC,PS_E_CH_SELECT_UNIT_T_DOT_INPUT
	and logic function of NAND
Generating Statement for block at 2H with output pin(s) of OUT_2H_R
	and inputs of PS_E_CH_SELECT_TAPE_DATA,OUT_3F_L
	and logic function of NAND
Generating Statement for block at 1H with output pin(s) of OUT_1H_C
	and inputs of OUT_3F_L
	and logic function of NAND
Generating Statement for block at 5A with output pin(s) of OUT_DOT_5A
	and inputs of MC_1301_ERROR_E_CH,MC_1405_ERROR_E_CH
	and logic function of AND
Generating Statement for block at 5B with output pin(s) of OUT_DOT_5B
	and inputs of MC_BUFFER_ERROR,MC_BUFFER_ERROR_JRJ
	and logic function of AND
Generating Statement for block at 2B with output pin(s) of OUT_DOT_2B
	and inputs of OUT_3A_C,OUT_3B_C,PS_E_CH_CHECK_BUS_STAR_SIF,PS_E_CH_CHECK_BUS_STAR_1412_19,OUT_2E_G
	and logic function of OR
Generating Statement for block at 5D with output pin(s) of OUT_DOT_5D
	and inputs of MC_1301_E_CH_CONDITION,MC_1405_CONDITION_E_CH
	and logic function of AND
Generating Statement for block at 5E with output pin(s) of OUT_DOT_5E
	and inputs of MC_BUFFER_CONDITION,MC_BUFFER_CONDITION_JRJ
	and logic function of AND
Generating Statement for block at 3G with output pin(s) of OUT_DOT_3G
	and inputs of OUT_3D_L,OUT_3E_L,OUT_3G_D
	and logic function of OR
Generating output sheet edge signal assignment to 
	signal PS_E_CH_TAPE_ERROR
	from gate output OUT_3C_B
Generating output sheet edge signal assignment to 
	signal MS_E_CH_CHECK_BUS
	from gate output OUT_2C_D
Generating output sheet edge signal assignment to 
	signal PS_E_CH_CHECK_BUS
	from gate output OUT_1C_F
Generating output sheet edge signal assignment to 
	signal PS_E_CH_TAPE_INDICATOR
	from gate output OUT_3F_L
Generating output sheet edge signal assignment to 
	signal PS_E_CH_CONDITION_BUS
	from gate output OUT_1G_D
Generating output sheet edge signal assignment to 
	signal MS_E_CH_TAPE_INDICATOR
	from gate output OUT_1H_C
