Generating HDL for page 14.18.11.1 1401 FULL BINARY TO 2-5 TRANS at 8/27/2020 2:35:24 PM
No existing test bench file D:\Users\jay\Schematics\IBM1410\VHDL\ALD_14_18_11_1_1401_FULL_BINARY_TO_2_5_TRANS_tb.vhdl, generating default test bench code.
Generating Statement for block at 3B with output pin(s) of OUT_3B_G
	and inputs of PS_ASSEMBLY_CH_B_BIT,MS_AUX_BIN_ADDER_8_BIT,MS_AUX_BIN_ADDER_4_BIT
	and logic function of NAND
Generating Statement for block at 3C with output pin(s) of OUT_3C_G
	and inputs of MS_ASSEMBLY_CH_A_BIT,PS_TSLT_BINARY_TO_TH_POS_2
	and logic function of NAND
Generating Statement for block at 3D with output pin(s) of OUT_3D_E
	and inputs of PS_ASSEMBLY_CH_A_BIT,MS_AUX_BIN_ADDER_8_BIT,MS_AUX_BIN_ADDER_4_BIT
	and logic function of NAND
Generating Statement for block at 3F with output pin(s) of OUT_3F_C
	and inputs of MS_ASSEMBLY_CH_B_BIT,PS_TSLT_BINARY_TO_TH_POS_2
	and logic function of NAND
Generating Statement for block at 3G with output pin(s) of OUT_3G_G
	and inputs of PS_ASSEMBLY_CH_A_BIT,PS_AUX_BIN_ADDER_8_BIT,PS_ASSEMBLY_CH_B_BIT
	and logic function of NAND
Generating Statement for block at 3H with output pin(s) of OUT_3H_G
	and inputs of MS_AUX_BIN_ADDER_4_BIT,PS_TSLT_BINARY_TO_TH_POS_2
	and logic function of NAND
Generating Statement for block at 1B with output pin(s) of OUT_DOT_1B
	and inputs of OUT_3B_G,OUT_3C_G
	and logic function of OR
Generating Statement for block at 1D with output pin(s) of OUT_DOT_1D
	and inputs of OUT_3D_E,OUT_3F_C
	and logic function of OR
Generating Statement for block at 1G with output pin(s) of OUT_DOT_1G
	and inputs of OUT_3G_G,OUT_3H_G
	and logic function of OR
Generating output sheet edge signal assignment to 
	signal MS_COMPAT_TSLTR_THP_0_BIT_A
	from gate output OUT_DOT_1B
Generating output sheet edge signal assignment to 
	signal MS_COMPAT_TSLTR_THP_0_BIT_B
	from gate output OUT_DOT_1D
Generating output sheet edge signal assignment to 
	signal MS_COMPAT_TSLTR_THP_0_BIT_C
	from gate output OUT_DOT_1G
