Generating HDL for page 14.50.06.1 ADDRESS GENERATOR TENS POSITION at 9/1/2020 7:56:35 AM
Removed 1 outputs from Dot Function at 1A to ignored block(s) or identical signal names
Removed 1 outputs from Dot Function at 1C to ignored block(s) or identical signal names
Removed 1 outputs from Dot Function at 1E to ignored block(s) or identical signal names
Generating Statement for block at 4A with output pin(s) of OUT_4A_C
	and inputs of PS_H_POS_C_INDEX_TAG,PS_RO_INDEX_AR,PS_H_POS_B_INDEX_TAG
	and logic function of NAND
Generating Statement for block at 4B with output pin(s) of OUT_4B_C
	and inputs of PS_T_POS_B_INDEX_TAG,PS_H_POS_A_INDEX_TAG
	and logic function of NAND
Generating Statement for block at 3C with output pin(s) of OUT_3C_D
	and inputs of MS_T_POS_B_INDEX_TAG,PS_H_POS_C_INDEX_TAG,PS_H_POS_A_INDEX_TAG
	and logic function of NAND
Generating Statement for block at 3D with output pin(s) of OUT_3D_R
	and inputs of PS_RO_INDEX_AR,PS_H_POS_B_INDEX_TAG
	and logic function of NAND
Generating Statement for block at 4E with output pin(s) of OUT_4E_E
	and inputs of MS_H_POS_C_INDEX_TAG,PS_RO_INDEX_AR,MS_H_POS_A_INDEX_TAG
	and logic function of NAND
Generating Statement for block at 4F with output pin(s) of OUT_4F_C
	and inputs of PS_T_POS_B_INDEX_TAG,PS_H_POS_B_INDEX_TAG
	and logic function of NAND
Generating Statement for block at 3G with output pin(s) of OUT_3G_C
	and inputs of MS_T_POS_B_INDEX_TAG,MS_H_POS_C_INDEX_TAG,MS_H_POS_A_INDEX_TAG
	and logic function of NAND
Generating Statement for block at 3H with output pin(s) of OUT_3H_R
	and inputs of PS_RO_INDEX_AR,PS_H_POS_B_INDEX_TAG
	and logic function of NAND
Generating Statement for block at 1A with output pin(s) of OUT_DOT_1A
	and inputs of OUT_4A_C,OUT_4B_C
	and logic function of OR
Generating Statement for block at 1C with output pin(s) of OUT_DOT_1C
	and inputs of OUT_3C_D,OUT_3D_R
	and logic function of OR
Generating Statement for block at 1E with output pin(s) of OUT_DOT_1E
	and inputs of OUT_4E_E,OUT_4F_C
	and logic function of OR
Generating Statement for block at 1G with output pin(s) of OUT_DOT_1G
	and inputs of OUT_3G_C,OUT_3H_R
	and logic function of OR
Generating output sheet edge signal assignment to 
	signal MS_ADDR_GEN_TP_18_BIT
	from gate output OUT_DOT_1A
Generating output sheet edge signal assignment to 
	signal MS_ADDR_GEN_TP_08_BIT
	from gate output OUT_DOT_1C
Generating output sheet edge signal assignment to 
	signal MS_ADDR_GEN_TP_48_BIT
	from gate output OUT_DOT_1E
Generating output sheet edge signal assignment to 
	signal MS_ADDR_GEN_TP_24_BIT
	from gate output OUT_DOT_1G
