Generating HDL for page 31.11.02.1 X LSMS DRVRS 9 TO 16 at 10/16/2020 12:32:32 PM
Removed 4 outputs from Gate at 3A to ignored block(s) or identical signal names
Removed 4 outputs from Gate at 3B to ignored block(s) or identical signal names
Removed 4 outputs from Gate at 3C to ignored block(s) or identical signal names
Removed 4 outputs from Gate at 3D to ignored block(s) or identical signal names
Removed 4 outputs from Gate at 3E to ignored block(s) or identical signal names
Removed 4 outputs from Gate at 3F to ignored block(s) or identical signal names
Removed 4 outputs from Gate at 3G to ignored block(s) or identical signal names
Removed 4 outputs from Gate at 3H to ignored block(s) or identical signal names
Generating Statement for block at 3A with output pin(s) of OUT_3A_D
	and inputs of PY_X_LSMS_DRVR_9
	and logic function of EQUAL
Generating Statement for block at 3B with output pin(s) of OUT_3B_D
	and inputs of PY_X_LSMS_DRVR_10
	and logic function of EQUAL
Generating Statement for block at 3C with output pin(s) of OUT_3C_D
	and inputs of PY_X_LSMS_DRVR_11
	and logic function of EQUAL
Generating Statement for block at 3D with output pin(s) of OUT_3D_D
	and inputs of PY_X_LSMS_DRVR_12
	and logic function of EQUAL
Generating Statement for block at 3E with output pin(s) of OUT_3E_D
	and inputs of PY_X_LSMS_DRVR_13
	and logic function of EQUAL
Generating Statement for block at 3F with output pin(s) of OUT_3F_D
	and inputs of PY_X_LSMS_DRVR_14
	and logic function of EQUAL
Generating Statement for block at 3G with output pin(s) of OUT_3G_D
	and inputs of PY_X_LSMS_DRVR_15
	and logic function of EQUAL
Generating Statement for block at 3H with output pin(s) of OUT_3H_D
	and inputs of PY_X_RD_2
	and logic function of EQUAL
Generating output sheet edge signal assignment to 
	signal PV_X_LSMS_DRV_9_IN
	from gate output OUT_3A_D
Generating output sheet edge signal assignment to 
	signal PV_X_LSMS_DRV_10_IN
	from gate output OUT_3B_D
Generating output sheet edge signal assignment to 
	signal PV_X_LSMS_DRV_11_IN
	from gate output OUT_3C_D
Generating output sheet edge signal assignment to 
	signal PV_X_LSMS_DRV_12_IN
	from gate output OUT_3D_D
Generating output sheet edge signal assignment to 
	signal PV_X_LSMS_DRV_13_IN
	from gate output OUT_3E_D
Generating output sheet edge signal assignment to 
	signal PV_X_LSMS_DRV_14_IN
	from gate output OUT_3F_D
Generating output sheet edge signal assignment to 
	signal PV_X_LSMS_DRV_15_IN
	from gate output OUT_3G_D
Generating output sheet edge signal assignment to 
	signal PV_X_LSMS_DRV_16_IN
	from gate output OUT_3H_D
