Generating HDL for page 12.60.06.1 NO BRANCH CONDITIONS at 7/12/2020 10:41:12 AM
Generating Statement for block at 4A with output pin(s) of OUT_4A_NoPin
	and inputs of PS_OP_MOD_REG_1_BIT,PS_E_CH_NOT_READY
	and logic function of NAND
Generating Statement for block at 4B with output pin(s) of OUT_4B_NoPin
	and inputs of PS_OP_MOD_REG_2_BIT,PS_E_CH_BUSY
	and logic function of NAND
Generating Statement for block at 2B with output pin(s) of OUT_2B_F
	and inputs of OUT_4A_NoPin,OUT_4B_NoPin,OUT_4C_NoPin
	and logic function of NAND
Generating Statement for block at 4C with output pin(s) of OUT_4C_NoPin
	and inputs of PS_OP_MOD_REG_4_BIT,PS_E_CH_CHECK
	and logic function of NAND
Generating Statement for block at 4D with output pin(s) of OUT_4D_NoPin
	and inputs of PS_OP_MOD_REG_8_BIT,PS_E_CH_CONDITION
	and logic function of NAND
Generating Statement for block at 2D with output pin(s) of OUT_2D_F
	and inputs of OUT_4D_NoPin,OUT_4E_NoPin,OUT_4F_NoPin
	and logic function of NAND
Generating Statement for block at 4E with output pin(s) of OUT_4E_NoPin
	and inputs of PS_OP_MOD_REG_B_BIT,MS_E_CH_CORRECT_LENGTH_RECORD
	and logic function of NAND
Generating Statement for block at 4F with output pin(s) of OUT_4F_NoPin
	and inputs of PS_OP_MOD_REG_A_BIT,PS_E_CH_NO_TRANSFER_LATCH
	and logic function of NAND
Generating Statement for block at 2F with output pin(s) of OUT_2F_C
	and inputs of PS_LAST_INSN_RO_CYCLE,PS_BRANCH_ON_STATUS_CH_1
	and logic function of NAND
Generating Statement for block at 4G with output pin(s) of OUT_4G_NoPin
	and inputs of PS_ONE_SYMBOL_OP_MODIFIER,MS_E_CH_OVLP_IN_PROCESS
	and logic function of NAND
Generating Statement for block at 4H with output pin(s) of OUT_4H_NoPin
	and inputs of PS_TWO_SYMBOL_OP_MODIFIER,MS_F_CH_OVLP_IN_PROCESS
	and logic function of NAND
Generating Statement for block at 2H with output pin(s) of OUT_2H_F
	and inputs of OUT_4G_NoPin,OUT_4H_NoPin,OUT_4I_NoPin
	and logic function of NAND
Generating Statement for block at 4I with output pin(s) of OUT_4I_NoPin
	and inputs of PS_OP_MOD_SYM_FOR_I_O_STATUS,MS_SPECIAL_BRANCH_LATCH
	and logic function of NAND
Generating Statement for block at 1B with output pin(s) of OUT_DOT_1B
	and inputs of OUT_2B_F,OUT_2D_F,OUT_2F_C
	and logic function of OR
Generating output sheet edge signal assignment to 
	signal PS_OVERLAP_NO_BR_CND
	from gate output OUT_2H_F
Generating output sheet edge signal assignment to 
	signal MS_EXTERNAL_CND_NO_BRANCH
	from gate output OUT_DOT_1B
