Generating HDL for page 13.12.18.1 OP MODIFIER DECODE GROUPING at 7/20/2020 4:34:27 PM
Removed 3 outputs from Gate at 2A to ignored block(s) or identical signal names
Removed 5 outputs from Gate at 1B to ignored block(s) or identical signal names
Removed 3 outputs from Gate at 2C to ignored block(s) or identical signal names
Removed 4 outputs from Gate at 2D to ignored block(s) or identical signal names
Generating Statement for block at 3A with output pin(s) of OUT_3A_C
	and inputs of MS_DOLLAR_SIGN_SYM_OP_MODIFIER,MS_R_SYMBOL_OP_MODIFIER,MS_1401_READ_TRIGGER
	and logic function of NAND
Generating Statement for block at 2A with output pin(s) of OUT_2A_B
	and inputs of OUT_DOT_3B
	and logic function of EQUAL
Generating Statement for block at 3B with output pin(s) of OUT_3B_P
	and inputs of MS_Q_SYMBOL_OP_MODIFIER
	and logic function of NAND
Generating Statement for block at 1B with output pin(s) of OUT_1B_D
	and inputs of OUT_2C_B
	and logic function of NOT
Generating Statement for block at 3C with output pin(s) of OUT_3C_K
	and inputs of MS_V_SYMBOL_OP_MODIFIER,MS_Q_SYMBOL_OP_MODIFIER
	and logic function of NAND
Generating Statement for block at 2C with output pin(s) of OUT_2C_B, OUT_2C_B
	and inputs of OUT_3C_K
	and logic function of NOT
Generating Statement for block at 3D with output pin(s) of OUT_3D_D
	and inputs of MS_V_SYMBOL_OP_MODIFIER,MS_W_SYMBOL_OP_MODIFIER,MS_X_SYMBOL_OP_MODIFIER
	and logic function of NAND
Generating Statement for block at 2D with output pin(s) of OUT_2D_A
	and inputs of OUT_DOT_3E
	and logic function of EQUAL
Generating Statement for block at 3E with output pin(s) of OUT_3E_C
	and inputs of MS_1401_PRINT_TRIGGER,MS_1401_PUNCH_TRIGGER
	and logic function of NAND
Generating Statement for block at 3B with output pin(s) of OUT_DOT_3B
	and inputs of OUT_3A_C,OUT_3B_P,PS_R_OR_DOLL_SGN_OP_MOD_STAR_SIF,PS_R_OR_DOLL_SGN_OP_MOD_STAR_SIF_JRJ
	and logic function of OR
Generating Statement for block at 3E with output pin(s) of OUT_DOT_3E
	and inputs of OUT_3D_D,OUT_3E_C,PS_W_OR_X_SYMBOL_OP_MOD_STAR_SIF,PS_W_OR_X_SYMBOL_OP_MOD_STAR_SIF_JRJ
	and logic function of OR
Generating output sheet edge signal assignment to 
	signal PS_DOLLAR_SIGN_OR_R_SYMBOL_OP_MOD
	from gate output OUT_2A_B
Generating output sheet edge signal assignment to 
	signal PS_Q_OR_V_SYMBOL_OP_MODIFIER
	from gate output OUT_1B_D
Generating output sheet edge signal assignment to 
	signal MS_Q_OR_V_SYMBOL_OP_MODIFIER
	from gate output OUT_2C_B
Generating output sheet edge signal assignment to 
	signal PS_W_OR_X_SYMBOL_OP_MODIFIER
	from gate output OUT_2D_A
