Generating HDL for page 15.50.03.1 NUM ASSEM 4 NOT 4 BITS FEATURE at 9/14/2020 7:51:19 AM
Note: DOT Function at 4B has input level(s) of S, and output level(s) of S, Logic Function set to OR
Note: DOT Function at 4F has input level(s) of S, and output level(s) of S, Logic Function set to OR
Ignoring Logic Block 2I with symbol R
Removed 9 outputs from Gate at 3F to ignored block(s) or identical signal names
Removed 5 outputs from Gate at 3H to ignored block(s) or identical signal names
Removed 10 outputs from Gate at 3I to ignored block(s) or identical signal names
Added LAMP signal LAMP_11C8H10
Added LAMP signal LAMP_11C8H11
Generating Statement for block at 5A with output pin(s) of OUT_5A_NoPin
	and inputs of PB_ADDER_OUT_NOT_4_BIT,PB_USE_ADDER_NU_1
	and logic function of NAND
Generating Statement for block at 5B with output pin(s) of OUT_5B_NoPin
	and inputs of PS_B_CH_NOT_4_BIT,PB_USE_B_CH_NU
	and logic function of NAND
Generating Statement for block at 4B with output pin(s) of OUT_4B_F
	and inputs of OUT_5A_NoPin,OUT_5B_NoPin,OUT_5C_NoPin
	and logic function of NAND
Generating Statement for block at 3B with output pin(s) of OUT_3B_C, OUT_3B_C
	and inputs of OUT_DOT_4B
	and logic function of NOT
Generating Statement for block at 2B with output pin(s) of OUT_2B_B
	and inputs of OUT_3B_C
	and logic function of NOT
Generating Statement for block at 1B with output pin(s) of 
	and inputs of OUT_2B_B
	and logic function of Lamp
Generating Statement for block at 5C with output pin(s) of OUT_5C_NoPin
	and inputs of PS_A_CH_NOT_4_BIT,PS_USE_A_CH_NU
	and logic function of NAND
Generating Statement for block at 4D with output pin(s) of OUT_4D_C
	and inputs of MB_USE_NO_NUMERICS,MS_SET_DOLLAR_SIGN
	and logic function of NAND
Generating Statement for block at 4E with output pin(s) of OUT_4E_P
	and inputs of MB_ASSEMBLY_CH_NU_ZERO_INSERT,MB_ASSEMBLY_CH_NU_ONE_INSERT
	and logic function of NAND
Generating Statement for block at 4F with output pin(s) of OUT_4F_D
	and inputs of MS_SET_GROUP_MARK,MS_SET_ASTERISK
	and logic function of NAND
Generating Statement for block at 3F with output pin(s) of OUT_3F_E, OUT_3F_E, OUT_3F_E
	and inputs of OUT_DOT_4F
	and logic function of EQUAL
Generating Statement for block at 5G with output pin(s) of OUT_5G_NoPin
	and inputs of PB_ADDER_OUT_4_BIT,PB_USE_ADDER_NU_1
	and logic function of NAND
Generating Statement for block at 4G with output pin(s) of OUT_4G_F
	and inputs of OUT_5G_NoPin,OUT_5H_NoPin,OUT_5I_NoPin
	and logic function of NAND
Generating Statement for block at 5H with output pin(s) of OUT_5H_NoPin
	and inputs of PS_B_CH_4_BIT,PB_USE_B_CH_NU
	and logic function of NAND
Generating Statement for block at 3H with output pin(s) of OUT_3H_H, OUT_3H_H
	and inputs of OUT_3F_E
	and logic function of Special
Generating Statement for block at 2H with output pin(s) of OUT_2H_B
	and inputs of OUT_3H_H
	and logic function of NOT
Generating Statement for block at 1H with output pin(s) of 
	and inputs of OUT_2H_B
	and logic function of Lamp
Generating Statement for block at 5I with output pin(s) of OUT_5I_NoPin
	and inputs of PS_A_CH_4_BIT,PS_USE_A_CH_NU
	and logic function of NAND
Generating Statement for block at 3I with output pin(s) of OUT_3I_B
	and inputs of OUT_3F_E
	and logic function of NOT
Generating Statement for block at 4B with output pin(s) of OUT_DOT_4B
	and inputs of OUT_4B_F,OUT_4D_C,OUT_4E_P
	and logic function of OR
Generating Statement for block at 4F with output pin(s) of OUT_DOT_4F
	and inputs of OUT_4F_D,OUT_4G_F
	and logic function of OR
Generating output sheet edge signal assignment to 
	signal MS_ASSEMBLY_CH_NOT_4_BIT
	from gate output OUT_3B_C
Generating output sheet edge signal assignment to 
	signal PS_ASSEMBLY_CH_4_BIT
	from gate output OUT_3F_E
Generating output sheet edge signal assignment to 
	signal MS_ASSEMBLY_CH_4_BIT
	from gate output OUT_3H_H
Generating output sheet edge signal assignment to 
	signal MY_ASSEMBLY_CH_4_BIT
	from gate output OUT_3I_B
