Generating HDL for page 16.13.02.1 ADDER MARIX Q0-ACC at 9/29/2020 10:58:10 AM
Note: DOT Function at 1D has input level(s) of B, and output level(s) of B, Logic Function set to AND
Generating Statement for block at 4A with output pin(s) of OUT_4A_B, OUT_4A_B
	and inputs of MB_ADD_AQ0,MB_ADD_BQ0
	and logic function of NOR
Generating Statement for block at 4B with output pin(s) of OUT_4B_F
	and inputs of MB_ADD_BQ0
	and logic function of NOT
Generating Statement for block at 4C with output pin(s) of OUT_4C_C, OUT_4C_C
	and inputs of MB_ADD_AQ2,MB_ADD_BQ8
	and logic function of NOR
Generating Statement for block at 2D with output pin(s) of OUT_2D_A
	and inputs of OUT_4A_B,OUT_4C_C
	and logic function of NOR
Generating Statement for block at 4E with output pin(s) of OUT_4E_D, OUT_4E_D
	and inputs of MB_ADD_AQ4,MB_ADD_BQ6
	and logic function of NOR
Generating Statement for block at 2E with output pin(s) of OUT_2E_B
	and inputs of OUT_4E_D,OUT_4G_B,OUT_4I_C
	and logic function of NOR
Generating Statement for block at 4G with output pin(s) of OUT_4G_B, OUT_4G_B
	and inputs of MB_ADD_AQ6,MB_ADD_BQ4
	and logic function of NOR
Generating Statement for block at 1G with output pin(s) of OUT_1G_A
	and inputs of MB_ADD_BQ4
	and logic function of NOT
Generating Statement for block at 4I with output pin(s) of OUT_4I_C, OUT_4I_C
	and inputs of MB_ADD_AQ8,MB_ADD_BQ2
	and logic function of NOR
Generating Statement for block at 1D with output pin(s) of OUT_DOT_1D
	and inputs of OUT_2D_A,OUT_2E_B
	and logic function of AND
Generating output sheet edge signal assignment to 
	signal PB_ADD_AQ0_DOT_BQ0
	from gate output OUT_4A_B
Generating output sheet edge signal assignment to 
	signal PB_ADD_BQ0
	from gate output OUT_4B_F
Generating output sheet edge signal assignment to 
	signal PB_ADD_AQ2_DOT_BQ8
	from gate output OUT_4C_C
Generating output sheet edge signal assignment to 
	signal PB_ADD_AQ4_DOT_BQ6
	from gate output OUT_4E_D
Generating output sheet edge signal assignment to 
	signal PB_ADD_AQ6_DOT_BQ4
	from gate output OUT_4G_B
Generating output sheet edge signal assignment to 
	signal PB_ADD_BQ4
	from gate output OUT_1G_A
Generating output sheet edge signal assignment to 
	signal PB_ADD_AQ8_DOT_BQ2
	from gate output OUT_4I_C
Generating output sheet edge signal assignment to 
	signal MB_ADDER_MX_Q0
	from gate output OUT_DOT_1D
