Generating HDL for page 12.60.16.1 NO BRANCH CONDITIONS at 7/13/2020 4:02:36 PM
Generating Statement for block at 4A with output pin(s) of OUT_4A_NoPin
	and inputs of PS_OP_MOD_REG_1_BIT,PS_F_CH_NOT_READY
	and logic function of NAND
Generating Statement for block at 4B with output pin(s) of OUT_4B_NoPin
	and inputs of PS_OP_MOD_REG_2_BIT,PS_F_CH_BUSY
	and logic function of NAND
Generating Statement for block at 2B with output pin(s) of OUT_2B_F
	and inputs of OUT_4A_NoPin,OUT_4B_NoPin,OUT_4C_NoPin
	and logic function of NAND
Generating Statement for block at 4C with output pin(s) of OUT_4C_NoPin
	and inputs of PS_OP_MOD_REG_4_BIT,PS_F_CH_CHECK
	and logic function of NAND
Generating Statement for block at 4D with output pin(s) of OUT_4D_NoPin
	and inputs of PS_OP_MOD_REG_8_BIT,PS_F_CH_CONDITION
	and logic function of NAND
Generating Statement for block at 4E with output pin(s) of OUT_4E_NoPin
	and inputs of MS_F_CH_CORRECT_LENGTH_RECORD,PS_OP_MOD_REG_B_BIT
	and logic function of NAND
Generating Statement for block at 2E with output pin(s) of OUT_2E_F
	and inputs of OUT_4D_NoPin,OUT_4E_NoPin,OUT_4F_NoPin
	and logic function of NAND
Generating Statement for block at 4F with output pin(s) of OUT_4F_NoPin
	and inputs of PS_OP_MOD_REG_A_BIT,PS_F_CH_NO_TRANSFER_LATCH
	and logic function of NAND
Generating Statement for block at 2F with output pin(s) of OUT_2F_G
	and inputs of PS_LAST_INSN_RO_CYCLE,PS_BRANCH_ON_STATUS_CH_2
	and logic function of NAND
Generating Statement for block at 4G with output pin(s) of OUT_4G_R
	and inputs of PS_LAST_INSN_RO_CYCLE,PS_NO_BRANCH_OP_CODES
	and logic function of NAND
Generating Statement for block at 1G with output pin(s) of OUT_1G_K
	and inputs of OUT_4G_R,OUT_DOT_2B
	and logic function of NAND
Generating Statement for block at 2B with output pin(s) of OUT_DOT_2B, OUT_DOT_2B
	and inputs of OUT_2B_F,OUT_2E_F,OUT_2F_G
	and logic function of OR
Generating output sheet edge signal assignment to 
	signal PS_NO_BRANCH_CONDITIONS_JRJ
	from gate output OUT_1G_K
Generating output sheet edge signal assignment to 
	signal MS_OVERLAP_CH_2_NO_BRANCH
	from gate output OUT_DOT_2B
