Generating HDL for page 15.39.05.1 A DATA REG A BIT AND DRIVE-ACC at 9/9/2020 11:22:38 AM
Found combinatorial loop (need D FF) at output of gate at 5B
Found combinatorial loop (need D FF) at output of gate at 4B
Removed 3 outputs from Gate at 3D to ignored block(s) or identical signal names
Removed 9 outputs from Gate at 2G to ignored block(s) or identical signal names
Added LAMP signal LAMP_11C8F12
Generating Statement for block at 2A with output pin(s) of OUT_2A_D
	and inputs of OUT_3D_C
	and logic function of NOT
Generating Statement for block at 1A with output pin(s) of 
	and inputs of OUT_2A_D
	and logic function of Lamp
Generating Statement for block at 5B with *latched* output pin(s) of OUT_5B_NoPin_Latch
	and inputs of MS_RESET_A_DATA_REG,OUT_4B_F
	and logic function of NAND
Generating Statement for block at 4B with *latched* output pin(s) of OUT_4B_F_Latch, OUT_4B_F_Latch, OUT_4B_F_Latch
	and inputs of OUT_5B_NoPin,OUT_5C_NoPin
	and logic function of NAND
Generating Statement for block at 5C with output pin(s) of OUT_5C_NoPin
	and inputs of PS_B_CH_A_BIT,PS_SW_B_CH_TO_A_REG
	and logic function of NAND
Generating Statement for block at 5D with output pin(s) of OUT_5D_D
	and inputs of OUT_4B_F,PS_GATE_A_DATA_REG_TO_A_CH
	and logic function of NAND
Generating Statement for block at 4D with output pin(s) of OUT_4D_E
	and inputs of OUT_5D_D,OUT_5E_E,OUT_5F_E
	and logic function of NAND
Generating Statement for block at 3D with output pin(s) of OUT_3D_C, OUT_3D_C, OUT_3D_C, OUT_3D_C
	and inputs of OUT_DOT_4D
	and logic function of Special
Generating Statement for block at 5E with output pin(s) of OUT_5E_E
	and inputs of PS_E2_REG_A_BIT,PS_GATE_E2_DATA_REG_TO_A_CH
	and logic function of NAND
Generating Statement for block at 1E with output pin(s) of OUT_1E_A
	and inputs of OUT_3D_C
	and logic function of NOT
Generating Statement for block at 5F with output pin(s) of OUT_5F_E
	and inputs of PS_OP_MOD_REG_A_BIT,PS_GATE_OP_MOD_REG_TO_A_CH
	and logic function of NAND
Generating Statement for block at 5G with output pin(s) of OUT_5G_E
	and inputs of PS_F2_REG_A_BIT,PS_GATE_F2_DATA_REG_TO_A_CH
	and logic function of NAND
Generating Statement for block at 4G with output pin(s) of OUT_4G_G
	and inputs of OUT_5G_E
	and logic function of NAND
Generating Statement for block at 2G with output pin(s) of OUT_2G_C, OUT_2G_C
	and inputs of OUT_3D_C
	and logic function of Special
Generating Statement for block at 1H with output pin(s) of OUT_1H_B
	and inputs of OUT_2G_C
	and logic function of NOT
Generating Statement for block at 4D with output pin(s) of OUT_DOT_4D
	and inputs of OUT_4D_E,OUT_4G_G
	and logic function of OR
Generating output sheet edge signal assignment to 
	signal PS_A_DATA_REG_A_BIT
	from gate output OUT_4B_F
Generating output sheet edge signal assignment to 
	signal PS_A_CH_NOT_A_BIT
	from gate output OUT_3D_C
Generating output sheet edge signal assignment to 
	signal PB_A_CH_A_BIT
	from gate output OUT_1E_A
Generating output sheet edge signal assignment to 
	signal PS_A_CH_A_BIT
	from gate output OUT_2G_C
Generating output sheet edge signal assignment to 
	signal PB_A_CH_NOT_A_BIT
	from gate output OUT_1H_B
Generating D Flip Flop for block at 5B
Generating D Flip Flop for block at 4B
