Generating HDL for page 14.70.14.1 SPEICAL ADDR RO CTRL at 9/3/2020 9:07:45 PM
Removed 1 outputs from Gate at 3B to ignored block(s) or identical signal names
Removed 1 outputs from Gate at 3G to ignored block(s) or identical signal names
Removed 6 outputs from Gate at 1H to ignored block(s) or identical signal names
Generating Statement for block at 5B with output pin(s) of OUT_5B_D
	and inputs of PS_BRANCH_TO_00001_ADDR_LAT,PS_I_CYCLE_CTRL,PS_LOGIC_GATE_SPECIAL_A_1
	and logic function of NAND
Generating Statement for block at 4B with output pin(s) of OUT_4B_NoPin
	and inputs of OUT_5B_D,OUT_5C_G
	and logic function of NAND
Generating Statement for block at 3B with output pin(s) of OUT_3B_G, OUT_3B_G
	and inputs of OUT_4B_NoPin,MS_CONSOLE_INHIBIT_AR_RO
	and logic function of NAND
Generating Statement for block at 5C with output pin(s) of OUT_5C_G
	and inputs of PS_1ST_I_O_CYCLE_CONTROL,PS_1401_READ_TRIGGER
	and logic function of NAND
Generating Statement for block at 3C with output pin(s) of OUT_3C_C, OUT_3C_C
	and inputs of MS_CONSOLE_INHIBIT_AR_RO,OUT_4E_R
	and logic function of NAND
Generating Statement for block at 5E with output pin(s) of OUT_5E_D
	and inputs of PS_1ST_I_O_CYCLE_CONTROL,PS_1401_PUNCH_TRIGGER
	and logic function of NAND
Generating Statement for block at 4E with output pin(s) of OUT_4E_R
	and inputs of OUT_5E_D,OUT_5F_D
	and logic function of NAND
Generating Statement for block at 5F with output pin(s) of OUT_5F_D
	and inputs of PS_I_CYCLE_CTRL,PS_LOGIC_GATE_SPECIAL_A_1,PS_INTERRUPT_BRANCH
	and logic function of NAND
Generating Statement for block at 3G with output pin(s) of OUT_3G_C, OUT_3G_C
	and inputs of PS_1ST_I_O_CYCLE_CONTROL,MS_CONSOLE_INHIBIT_AR_RO,PS_1401_PRINT_TRIGGER
	and logic function of NAND
Generating Statement for block at 2H with output pin(s) of OUT_2H_NoPin
	and inputs of OUT_3B_G,OUT_3C_C,OUT_3G_C
	and logic function of NAND
Generating Statement for block at 1H with output pin(s) of OUT_1H_R
	and inputs of OUT_2H_NoPin
	and logic function of NOT
Generating output sheet edge signal assignment to 
	signal MS_RO_00001_INDEX_ADDR
	from gate output OUT_3B_G
Generating output sheet edge signal assignment to 
	signal MS_RO_00101_INDEX_ADDR
	from gate output OUT_3C_C
Generating output sheet edge signal assignment to 
	signal MS_RO_00201_INDEX_ADDR
	from gate output OUT_3G_C
Generating output sheet edge signal assignment to 
	signal MS_RO_FIXED_ADDR
	from gate output OUT_1H_R
