Generating HDL for page 13.71.04.1 E CH TAPE CONTROLS at 8/14/2020 11:10:59 AM
Found combinatorial loop (need D FF) at output of gate at 2B
Found combinatorial loop (need D FF) at output of gate at 1B
Found combinatorial loop (need D FF) at output of gate at 3F
Found combinatorial loop (need D FF) at output of gate at 2F
Generating Statement for block at 3A with output pin(s) of OUT_3A_D
	and inputs of PS_E_CH_SELECT_TAPE_DATA,PS_E_CH_SECOND_SAMPLE_B,MS_1401_MODE
	and logic function of NAND
Generating Statement for block at 5B with output pin(s) of OUT_5B_A
	and inputs of MC_SELECT_AT_LOAD_POINT_STAR_E_CH
	and logic function of NOR
Generating Statement for block at 4B with output pin(s) of OUT_4B_E, OUT_4B_E
	and inputs of OUT_5B_A,OUT_5C_D,PS_UNIT_CTRL_OP_CODE
	and logic function of NAND
Generating Statement for block at 2B with *latched* output pin(s) of OUT_2B_G_Latch, OUT_2B_G_Latch
	and inputs of PS_E_CH_TAPE_INDICATOR,OUT_1B_E
	and logic function of NAND
Generating Statement for block at 1B with *latched* output pin(s) of OUT_1B_E_Latch
	and inputs of OUT_3A_D,OUT_2B_G,MS_RESET_END_OF_REEL_IND
	and logic function of NAND
Generating Statement for block at 5C with output pin(s) of OUT_5C_D, OUT_5C_D
	and inputs of MS_B_SYMBOL_OP_MODIFIER,MS_R_SYMBOL_OP_MODIFIER
	and logic function of NAND
Generating Statement for block at 1C with output pin(s) of OUT_1C_G
	and inputs of OUT_2B_G
	and logic function of EQUAL
Generating Statement for block at 4D with output pin(s) of OUT_4D_G
	and inputs of PS_UNIT_CTRL_OP_CODE,PS_1401_MODE
	and logic function of NAND
Generating Statement for block at 5E with output pin(s) of OUT_5E_G
	and inputs of OUT_4B_E,PS_E_CH_SELECT_TAPE_DATA,PS_LOGIC_GATE_F_1
	and logic function of NAND
Generating Statement for block at 4E with output pin(s) of OUT_4E_E
	and inputs of PS_I_RING_8_TIME,PS_E_CH_BUSY_BUS
	and logic function of NAND
Generating Statement for block at 1E with output pin(s) of OUT_1E_D
	and inputs of OUT_3F_E
	and logic function of NOT
Generating Statement for block at 4F with output pin(s) of OUT_4F_C
	and inputs of PS_M_OR_L_OP_CODES,PS_I_RING_10_TIME
	and logic function of NAND
Generating Statement for block at 3F with *latched* output pin(s) of OUT_3F_E_Latch, OUT_3F_E_Latch
	and inputs of OUT_2F_C,MS_PROGRAM_RESET_2,MS_E_CH_BUSY_BUS
	and logic function of NAND
Generating Statement for block at 2F with *latched* output pin(s) of OUT_2F_C_Latch, OUT_2F_C_Latch
	and inputs of OUT_3F_E,OUT_DOT_5H
	and logic function of NAND
Generating Statement for block at 1F with output pin(s) of OUT_1F_D
	and inputs of OUT_2F_C
	and logic function of NAND
Generating Statement for block at 5G with output pin(s) of OUT_5G_G
	and inputs of PS_LAST_INSN_RO_CYCLE,PS_PERCENT_OR_COML_AT,MS_E_SYMBOL_OP_MODIFIER
	and logic function of NAND
Generating Statement for block at 4G with output pin(s) of OUT_4G_C
	and inputs of OUT_4B_E,PS_E_CH_BUSY_BUS,PS_1401_MODE
	and logic function of NAND
Generating Statement for block at 3G with output pin(s) of OUT_3G_D
	and inputs of PS_E_CH_SELECT_TAPE_DATA,MS_E_CH_BUSY,PS_PERCENT_OR_COML_AT
	and logic function of NAND
Generating Statement for block at 2G with output pin(s) of OUT_2G_G
	and inputs of PS_I_RING_6_OR_1401_AND_8_TIME,PS_LOGIC_GATE_C_1
	and logic function of NAND
Generating Statement for block at 1G with output pin(s) of OUT_1G_A
	and inputs of OUT_DOT_2G
	and logic function of EQUAL
Generating Statement for block at 5H with output pin(s) of OUT_5H_E
	and inputs of MS_E_CH_NOT_READY,MS_Q_OR_V_SYMBOL_OP_MODIFIER,MS_E_CH_BUSY
	and logic function of NAND
Generating Statement for block at 3H with output pin(s) of OUT_3H_C
	and inputs of PS_E_CH_SELECT_TAPE_DATA,MS_E_CH_BUSY,PS_PERCENT_OR_COML_AT
	and logic function of NAND
Generating Statement for block at 2H with output pin(s) of OUT_2H_C
	and inputs of PS_I_RING_6_OR_1401_AND_8_TIME,PS_LAST_LOGIC_GATE_1
	and logic function of NAND
Generating Statement for block at 1H with output pin(s) of OUT_1H_E
	and inputs of OUT_DOT_2H
	and logic function of EQUAL
Generating Statement for block at 3I with output pin(s) of OUT_3I_C
	and inputs of PS_UNIT_CTRL_OP_CODE,PS_I_RING_6_TIME
	and logic function of NAND
Generating Statement for block at 2I with output pin(s) of OUT_2I_P
	and inputs of OUT_3I_C
	and logic function of SS
	INFO: SingleShot at 2I pulse time: 25000 ns, Clock Period is 10 ns
Generating Statement for block at 4D with output pin(s) of OUT_DOT_4D
	and inputs of OUT_4D_G,OUT_4E_E
	and logic function of OR
Generating Statement for block at 4F with output pin(s) of OUT_DOT_4F
	and inputs of OUT_4F_C,OUT_4G_C
	and logic function of OR
Generating Statement for block at 5H with output pin(s) of OUT_DOT_5H
	and inputs of OUT_5E_G,OUT_5G_G,OUT_5H_E
	and logic function of OR
Generating Statement for block at 2H with output pin(s) of OUT_DOT_2H
	and inputs of OUT_3H_C,OUT_2H_C
	and logic function of OR
Generating Statement for block at 2G with output pin(s) of OUT_DOT_2G
	and inputs of OUT_3G_D,OUT_2G_G
	and logic function of OR
Generating output sheet edge signal assignment to 
	signal PS_B_OR_R_OR_U_SYMBOL_OP_MODIFIER
	from gate output OUT_5C_D
Generating output sheet edge signal assignment to 
	signal MC_TURN_OFF_TAPE_IND_STAR_E_CH
	from gate output OUT_1C_G
Generating output sheet edge signal assignment to 
	signal PS_E_CH_TAPE_CALL
	from gate output OUT_1E_D
Generating output sheet edge signal assignment to 
	signal MS_E_CH_TAPE_CALL
	from gate output OUT_1F_D
Generating output sheet edge signal assignment to 
	signal MC_RESET_TAPE_SEL_REG_STAR_E_CH
	from gate output OUT_1G_A
Generating output sheet edge signal assignment to 
	signal MC_SET_TAPE_SEL_REG_STAR_E_CH
	from gate output OUT_1H_E
Generating output sheet edge signal assignment to 
	signal MS_UNIT_CONTROL_INST_RO_DELAY
	from gate output OUT_2I_P
Generating output sheet edge signal assignment to 
	signal MS_1401_UNIT_CTRL_DELAY
	from gate output OUT_DOT_4D
Generating output sheet edge signal assignment to 
	signal MS_1401_M_OR_L_TAPE_DELAY
	from gate output OUT_DOT_4F
Generating D Flip Flop for block at 2B
Generating D Flip Flop for block at 1B
Generating D Flip Flop for block at 3F
Generating D Flip Flop for block at 2F
