Generating HDL for page 14.70.10.1 INDEX CONTROLS at 9/3/2020 9:07:35 PM
Removed 2 outputs from Gate at 3D to ignored block(s) or identical signal names
Generating Statement for block at 5A with output pin(s) of OUT_5A_K
	and inputs of PS_B_CH_NOT_WM_BIT,PS_I_CYCLE
	and logic function of NAND
Generating Statement for block at 5B with output pin(s) of OUT_5B_G
	and inputs of PS_I_RING_5_OR_10_TIME,PS_INDEX_REQUIRED
	and logic function of NAND
Generating Statement for block at 2B with output pin(s) of OUT_2B_NoPin
	and inputs of OUT_DOT_5A,MS_STORE_AR_SET_A_CYCLE_CTRL_A,OUT_5C_C
	and logic function of NAND
Generating Statement for block at 1B with output pin(s) of OUT_1B_D
	and inputs of OUT_2B_NoPin,PS_LOGIC_GATE_F_1
	and logic function of NAND
Generating Statement for block at 5C with output pin(s) of OUT_5C_C
	and inputs of PS_STORE_ADDR_REGS_OP_CODE,PS_LAST_INSN_RO_CYCLE_1
	and logic function of NAND
Generating Statement for block at 5D with output pin(s) of OUT_5D_NoPin
	and inputs of PS_INDEX_REQUIRED,PS_I_RING_5_TIME
	and logic function of NAND
Generating Statement for block at 3D with output pin(s) of OUT_3D_R
	and inputs of OUT_5D_NoPin
	and logic function of NOT
Generating Statement for block at 5E with output pin(s) of OUT_5E_C
	and inputs of PS_I_RING_5_TIME,PS_INDEX_REQUIRED,PS_ADDR_DOUBLE_OP_CODES
	and logic function of NAND
Generating Statement for block at 3E with output pin(s) of OUT_3E_K
	and inputs of OUT_5E_C,OUT_5G_D
	and logic function of NAND
Generating Statement for block at 5G with output pin(s) of OUT_5G_D
	and inputs of PS_INDEX_REQUIRED,PS_I_RING_10_TIME
	and logic function of NAND
Generating Statement for block at 5A with output pin(s) of OUT_DOT_5A, OUT_DOT_5A
	and inputs of OUT_5A_K,OUT_5B_G
	and logic function of OR
Generating output sheet edge signal assignment to 
	signal MS_SET_A_RING_1_TRIG
	from gate output OUT_1B_D
Generating output sheet edge signal assignment to 
	signal PS_INDEX_A_AR
	from gate output OUT_3D_R
Generating output sheet edge signal assignment to 
	signal PS_INDEX_B_AR
	from gate output OUT_3E_K
Generating output sheet edge signal assignment to 
	signal MS_SET_X_CYCLE_CTRL_A
	from gate output OUT_DOT_5A
