Generating HDL for page 14.15.07.1 AR BUS HUNDREDS POS 0 AND 1 BITS at 8/19/2020 9:19:48 AM
Generating Statement for block at 3B with output pin(s) of OUT_3B_D
	and inputs of MS_A_AR_GT_OUT_HP0B,MS_C_AR_GT_OUT_HP0B,MS_I_AR_GT_OUT_HP0B
	and logic function of NAND
Generating Statement for block at 3C with output pin(s) of OUT_3C_C
	and inputs of MS_B_AR_GT_OUT_HP0B,MS_E_AR_GT_OUT_HP0B,MS_F_AR_GT_OUT_HP0B
	and logic function of NAND
Generating Statement for block at 3D with output pin(s) of OUT_3D_D
	and inputs of MS_D_AR_GT_OUT_HP0B,MS_RO_00201_INDEX_ADDR,MS_RO_00101_INDEX_ADDR
	and logic function of NAND
Generating Statement for block at 3F with output pin(s) of OUT_3F_A
	and inputs of MS_A_AR_GT_OUT_HP1B,MS_C_AR_GT_OUT_HP1B,MS_I_AR_GT_OUT_HP1B
	and logic function of NAND
Generating Statement for block at 3G with output pin(s) of OUT_3G_D
	and inputs of MS_E_AR_GT_OUT_HP1B,MS_F_AR_GT_OUT_HP1B
	and logic function of NAND
Generating Statement for block at 3H with output pin(s) of OUT_3H_A
	and inputs of MS_D_AR_GT_OUT_HP1B,MS_RO_00101_INDEX_ADDR,MS_B_AR_GT_OUT_HP1B
	and logic function of NAND
Generating Statement for block at 1B with output pin(s) of OUT_DOT_1B
	and inputs of OUT_3B_D,OUT_3C_C,OUT_3D_D
	and logic function of OR
Generating Statement for block at 1F with output pin(s) of OUT_DOT_1F
	and inputs of OUT_3F_A,OUT_3G_D,OUT_3H_A
	and logic function of OR
Generating output sheet edge signal assignment to 
	signal PS_AR_BUS_HP0B
	from gate output OUT_DOT_1B
Generating output sheet edge signal assignment to 
	signal PS_AR_BUS_HP1B
	from gate output OUT_DOT_1F
