Generating HDL for page 13.71.05.1 E CH TAPE CONTROLS at 8/14/2020 11:11:17 AM
Generating Statement for block at 5A with output pin(s) of OUT_5A_B
	and inputs of MC_WRITE_CONDITION_STAR_E_CH
	and logic function of NOR
Generating Statement for block at 4A with output pin(s) of OUT_4A_D
	and inputs of OUT_5A_B,PS_E_CH_DISCON_LATCH,PS_E_CH_SELECT_TAPE_DATA
	and logic function of NAND
Generating Statement for block at 2A with output pin(s) of OUT_2A_H
	and inputs of OUT_4A_D
	and logic function of EQUAL
Generating Statement for block at 5B with output pin(s) of OUT_5B_C
	and inputs of PS_E_CH_TAPE_CALL,PS_UNIT_CTRL_OP_CODE,PS_A_SYMBOL_OP_MODIFIER
	and logic function of NAND
Generating Statement for block at 4B with output pin(s) of OUT_4B_E
	and inputs of PS_DOLLAR_SIGN_OR_R_SYMBOL_OP_MOD,PS_M_OR_L_OP_CODES,PS_E_CH_TAPE_CALL
	and logic function of NAND
Generating Statement for block at 3B with output pin(s) of OUT_3B_C
	and inputs of OUT_5B_C,OUT_4B_E
	and logic function of NAND
Generating Statement for block at 2B with output pin(s) of OUT_2B_K
	and inputs of OUT_3B_C
	and logic function of NAND
Generating Statement for block at 1B with output pin(s) of OUT_1B_A
	and inputs of OUT_2B_K
	and logic function of EQUAL
Generating Statement for block at 4C with output pin(s) of OUT_4C_C
	and inputs of PS_E_CH_TAPE_CALL,PS_M_OR_L_OP_CODES,PS_W_OR_X_SYMBOL_OP_MODIFIER
	and logic function of NAND
Generating Statement for block at 2C with output pin(s) of OUT_2C_E
	and inputs of OUT_4C_C
	and logic function of EQUAL
Generating Statement for block at 4D with output pin(s) of OUT_4D_D
	and inputs of PS_E_CH_TAPE_CALL,PS_M_SYMBOL_OP_MODIFIER,PS_UNIT_CTRL_OP_CODE
	and logic function of NAND
Generating Statement for block at 2D with output pin(s) of OUT_2D_G
	and inputs of OUT_4D_D
	and logic function of EQUAL
Generating Statement for block at 4E with output pin(s) of OUT_4E_C
	and inputs of PS_I_RING_7_OR_1401_6_OR_8,PS_UNIT_CTRL_OP_CODE,PS_E_SYMBOL_OP_MODIFIER
	and logic function of NAND
Generating Statement for block at 3E with output pin(s) of OUT_3E_P
	and inputs of MS_E_CH_BUSY_BUS,PS_PERCENT_OR_COML_AT
	and logic function of NAND
Generating Statement for block at 2E with output pin(s) of OUT_2E_H
	and inputs of OUT_DOT_3E
	and logic function of EQUAL
Generating Statement for block at 4F with output pin(s) of OUT_4F_E
	and inputs of PS_UNIT_CTRL_OP_CODE,PS_U_SYMBOL_OP_MODIFIER,PS_E_CH_TAPE_CALL
	and logic function of NAND
Generating Statement for block at 2F with output pin(s) of OUT_2F_A
	and inputs of OUT_4F_E
	and logic function of EQUAL
Generating Statement for block at 4G with output pin(s) of OUT_4G_C
	and inputs of PS_E_CH_TAPE_CALL,PS_UNIT_CTRL_OP_CODE,PS_R_SYMBOL_OP_MODIFIER
	and logic function of NAND
Generating Statement for block at 1G with output pin(s) of OUT_1G_E
	and inputs of OUT_4G_C
	and logic function of EQUAL
Generating Statement for block at 4H with output pin(s) of OUT_4H_D
	and inputs of PS_E_CH_TAPE_CALL,PS_UNIT_CTRL_OP_CODE,PS_B_SYMBOL_OP_MODIFIER
	and logic function of NAND
Generating Statement for block at 1H with output pin(s) of OUT_1H_G
	and inputs of OUT_4H_D
	and logic function of EQUAL
Generating Statement for block at 3E with output pin(s) of OUT_DOT_3E
	and inputs of OUT_4E_C,OUT_3E_P
	and logic function of OR
Generating output sheet edge signal assignment to 
	signal MC_DISCONNECT_CALL_STAR_E_CH
	from gate output OUT_2A_H
Generating output sheet edge signal assignment to 
	signal MC_READ_TAPE_CALL_STAR_E_CH
	from gate output OUT_1B_A
Generating output sheet edge signal assignment to 
	signal MC_WRITE_TAPE_CALL_STAR_E_CH
	from gate output OUT_2C_E
Generating output sheet edge signal assignment to 
	signal MC_WRITE_TAPE_MK_CALL_STAR_E_CH
	from gate output OUT_2D_G
Generating output sheet edge signal assignment to 
	signal MC_ERASE_CALL_STAR_E_CH
	from gate output OUT_2E_H
Generating output sheet edge signal assignment to 
	signal MC_REWIND_UNLOAD_STAR_E_CH
	from gate output OUT_2F_A
Generating output sheet edge signal assignment to 
	signal MC_REWIND_CALL_STAR_E_CH
	from gate output OUT_1G_E
Generating output sheet edge signal assignment to 
	signal MC_BACKSPACE_CALL_STAR_E_CH
	from gate output OUT_1H_G
