Generating HDL for page 12.60.15.1 BRANCH CONDITIONS at 7/13/2020 4:02:33 PM
Ignoring Logic Block 2A with symbol R
Generating Statement for block at 4A with output pin(s) of OUT_4A_NoPin
	and inputs of PS_E_CH_OVLP_IN_PROCESS,PS_ONE_SYMBOL_OP_MODIFIER,PS_COND_TEST_BRANCH_OP_CODE
	and logic function of NAND
Generating Statement for block at 4B with output pin(s) of OUT_4B_NoPin
	and inputs of PS_F_CH_OVLP_IN_PROCESS,PS_TWO_SYMBOL_OP_MODIFIER,PS_COND_TEST_BRANCH_OP_CODE
	and logic function of NAND
Generating Statement for block at 2B with output pin(s) of OUT_2B_D
	and inputs of OUT_4A_NoPin,OUT_4B_NoPin,OUT_4C_NoPin
	and logic function of NAND
Generating Statement for block at 4C with output pin(s) of OUT_4C_NoPin
	and inputs of PS_COND_TEST_BRANCH_OP_CODE,PS_OP_MOD_SYM_FOR_I_O_STATUS,PS_SPECIAL_BRANCH_LATCH
	and logic function of NAND
Generating Statement for block at 4D with output pin(s) of OUT_4D_NoPin
	and inputs of PS_OP_MOD_REG_1_BIT,PS_F_CH_NOT_READY,PS_BRANCH_ON_STATUS_CH_2
	and logic function of NAND
Generating Statement for block at 4E with output pin(s) of OUT_4E_NoPin
	and inputs of PS_OP_MOD_REG_2_BIT,PS_F_CH_BUSY,PS_BRANCH_ON_STATUS_CH_2
	and logic function of NAND
Generating Statement for block at 2E with output pin(s) of OUT_2E_D
	and inputs of OUT_4D_NoPin,OUT_4E_NoPin,OUT_4F_NoPin
	and logic function of NAND
Generating Statement for block at 4F with output pin(s) of OUT_4F_NoPin
	and inputs of PS_OP_MOD_REG_4_BIT,PS_F_CH_CHECK,PS_BRANCH_ON_STATUS_CH_2
	and logic function of NAND
Generating Statement for block at 4G with output pin(s) of OUT_4G_NoPin
	and inputs of PS_BRANCH_ON_STATUS_CH_2,PS_F_CH_CONDITION,PS_OP_MOD_REG_8_BIT
	and logic function of NAND
Generating Statement for block at 4H with output pin(s) of OUT_4H_NoPin
	and inputs of PS_OP_MOD_REG_B_BIT,PS_BRANCH_ON_STATUS_CH_2,PS_F_CH_WRONG_LENGTH_RECORD
	and logic function of NAND
Generating Statement for block at 2H with output pin(s) of OUT_2H_D
	and inputs of OUT_4G_NoPin,OUT_4H_NoPin,OUT_4I_NoPin
	and logic function of NAND
Generating Statement for block at 4I with output pin(s) of OUT_4I_NoPin
	and inputs of PS_BRANCH_ON_STATUS_CH_2,PS_OP_MOD_REG_A_BIT,PS_F_CH_NO_TRANSFER_LATCH
	and logic function of NAND
Generating Statement for block at 1B with output pin(s) of OUT_DOT_1B
	and inputs of OUT_2B_D,OUT_2E_D,OUT_2H_D
	and logic function of OR
Generating output sheet edge signal assignment to 
	signal PS_2ND_CND_A_BRANCH_JRJ
	from gate output OUT_DOT_1B
