Generating HDL for page 13.13.09.1 1401 OP DECODE at 7/24/2020 2:17:57 PM
Removed 1 outputs from Gate at 1B to ignored block(s) or identical signal names
Removed 1 outputs from Gate at 5D to ignored block(s) or identical signal names
Removed 1 outputs from Gate at 5E to ignored block(s) or identical signal names
Generating Statement for block at 4A with output pin(s) of OUT_4A_D, OUT_4A_D, OUT_4A_D
	and inputs of PS_OP_REG_1401_C_BIT,PS_OP_DCDR_NOT_B_DOT_A_DOT_8_B,PS_OP_DCDR_NOT_4_DOT_NOT_2_DOT_NOT_1_B
	and logic function of NAND
Generating Statement for block at 2A with output pin(s) of OUT_2A_D
	and inputs of OUT_4A_D,OUT_4B_C,OUT_4C_C
	and logic function of NAND
Generating Statement for block at 4B with output pin(s) of OUT_4B_C, OUT_4B_C, OUT_4B_C
	and inputs of PS_OP_REG_1401_C_BIT,PS_OP_DCDR_4_DOT_2_DOT_1_B,PS_OP_DCDR_B_DOT_NOT_A_DOT_NOT_8_B
	and logic function of NAND
Generating Statement for block at 2B with output pin(s) of OUT_2B_C
	and inputs of OUT_4A_D,OUT_4B_C,OUT_4C_C
	and logic function of NAND
Generating Statement for block at 1B with output pin(s) of OUT_1B_P
	and inputs of OUT_DOT_2B
	and logic function of NAND
Generating Statement for block at 4C with output pin(s) of OUT_4C_C, OUT_4C_C, OUT_4C_C
	and inputs of PS_OP_REG_1401_NOT_C_BIT,PS_OP_DCDR_B_DOT_A_DOT_NOT_8_B,PS_OP_DCDR_4_DOT_NOT_2_DOT_NOT_1_B
	and logic function of NAND
Generating Statement for block at 2C with output pin(s) of OUT_2C_K
	and inputs of OUT_4B_C
	and logic function of NAND
Generating Statement for block at 5D with output pin(s) of OUT_5D_E, OUT_5D_E
	and inputs of PS_OP_DCDR_4_DOT_NOT_2_DOT_NOT_1_B,PS_OP_DCDR_B_DOT_NOT_A_DOT_NOT_8_B,PS_OP_REG_1401_C_BIT
	and logic function of NAND
Generating Statement for block at 4D with output pin(s) of OUT_4D_P, OUT_4D_P
	and inputs of OUT_5D_E
	and logic function of NAND
Generating Statement for block at 3D with output pin(s) of OUT_3D_NoPin
	and inputs of OUT_4D_P,MS_I_O_PERCENT_LATCH
	and logic function of NAND
Generating Statement for block at 5E with output pin(s) of OUT_5E_D, OUT_5E_D
	and inputs of PS_OP_REG_1401_NOT_C_BIT,PS_OP_DCDR_B_DOT_NOT_A_DOT_NOT_8_B,PS_OP_DCDR_NOT_4_DOT_2_DOT_1_B
	and logic function of NAND
Generating Statement for block at 4E with output pin(s) of OUT_4E_F, OUT_4E_F
	and inputs of OUT_5E_D
	and logic function of NOT
Generating Statement for block at 3E with output pin(s) of OUT_3E_C, OUT_3E_C
	and inputs of OUT_4E_F,MS_I_O_PERCENT_LATCH
	and logic function of NAND
Generating Statement for block at 2E with output pin(s) of OUT_2E_F
	and inputs of OUT_3D_NoPin,OUT_3E_C
	and logic function of NAND
Generating Statement for block at 1E with output pin(s) of OUT_1E_C
	and inputs of OUT_3E_C
	and logic function of NOT
Generating Statement for block at 3F with output pin(s) of OUT_3F_G
	and inputs of OUT_4D_P,PS_I_O_PERCENT_LATCH
	and logic function of NAND
Generating Statement for block at 3H with output pin(s) of OUT_3H_C
	and inputs of OUT_4E_F,PS_I_O_PERCENT_LATCH
	and logic function of NAND
Generating Statement for block at 2B with output pin(s) of OUT_DOT_2B, OUT_DOT_2B
	and inputs of OUT_2B_C,OUT_2E_F
	and logic function of OR
Generating output sheet edge signal assignment to 
	signal MS_1401_Y_OP_CODE
	from gate output OUT_4A_D
Generating output sheet edge signal assignment to 
	signal PS_1401_D_OR_P_OR_Y_OP_CODES
	from gate output OUT_2A_D
Generating output sheet edge signal assignment to 
	signal MS_1401_DATA_MOVE_OP
	from gate output OUT_1B_P
Generating output sheet edge signal assignment to 
	signal MS_1401_D_OP_CODE
	from gate output OUT_4C_C
Generating output sheet edge signal assignment to 
	signal PS_1401_P_OP_CODE
	from gate output OUT_2C_K
Generating output sheet edge signal assignment to 
	signal MS_1401_M_OP_CODE
	from gate output OUT_5D_E
Generating output sheet edge signal assignment to 
	signal MS_1401_L_OP_CODE
	from gate output OUT_5E_D
Generating output sheet edge signal assignment to 
	signal PS_1401_L_NOT_PERCENT_OP_CODE
	from gate output OUT_1E_C
Generating output sheet edge signal assignment to 
	signal MS_1401_I_O_MOVE_OP
	from gate output OUT_3F_G
Generating output sheet edge signal assignment to 
	signal MS_1401_I_O_LOAD_OP
	from gate output OUT_3H_C
Generating output sheet edge signal assignment to 
	signal PS_1401_DATA_MOVE_OP_CODES
	from gate output OUT_DOT_2B
