Generating HDL for page 13.11.01.1 OPERATION DECODE at 7/19/2020 5:11:37 PM
Removed 2 outputs from Gate at 2A to ignored block(s) or identical signal names
Removed 4 outputs from Gate at 2B to ignored block(s) or identical signal names
Removed 3 outputs from Gate at 2C to ignored block(s) or identical signal names
Removed 1 outputs from Gate at 2D to ignored block(s) or identical signal names
Removed 7 outputs from Gate at 2F to ignored block(s) or identical signal names
Removed 3 outputs from Gate at 2G to ignored block(s) or identical signal names
Removed 6 outputs from Gate at 2H to ignored block(s) or identical signal names
Removed 3 outputs from Gate at 2I to ignored block(s) or identical signal names
Generating Statement for block at 4A with output pin(s) of OUT_4A_NoPin
	and inputs of PS_OP_REG_8_BIT,PS_OP_REG_NOT_A_BIT,PS_OP_REG_NOT_B_BIT
	and logic function of NAND
Generating Statement for block at 2A with output pin(s) of OUT_2A_R
	and inputs of OUT_4A_NoPin
	and logic function of NOT
Generating Statement for block at 4B with output pin(s) of OUT_4B_NoPin
	and inputs of PS_OP_REG_8_BIT,PS_OP_REG_A_BIT,PS_OP_REG_NOT_B_BIT
	and logic function of NAND
Generating Statement for block at 2B with output pin(s) of OUT_2B_R
	and inputs of OUT_4B_NoPin
	and logic function of NOT
Generating Statement for block at 4C with output pin(s) of OUT_4C_NoPin
	and inputs of PS_OP_REG_A_BIT,PS_OP_REG_NOT_B_BIT,PS_OP_REG_NOT_8_BIT
	and logic function of NAND
Generating Statement for block at 2C with output pin(s) of OUT_2C_D
	and inputs of OUT_4C_NoPin
	and logic function of NOT
Generating Statement for block at 4D with output pin(s) of OUT_4D_H
	and inputs of PS_OP_REG_NOT_A_BIT,PS_OP_REG_NOT_B_BIT,PS_OP_REG_NOT_8_BIT
	and logic function of NAND
Generating Statement for block at 2D with output pin(s) of OUT_2D_A
	and inputs of OUT_4D_H
	and logic function of NOT
Generating Statement for block at 4F with output pin(s) of OUT_4F_NoPin
	and inputs of PS_OP_REG_NOT_8_BIT,PS_OP_REG_A_BIT,PS_OP_REG_B_BIT
	and logic function of NAND
Generating Statement for block at 2F with output pin(s) of OUT_2F_R
	and inputs of OUT_4F_NoPin
	and logic function of NOT
Generating Statement for block at 4G with output pin(s) of OUT_4G_NoPin
	and inputs of PS_OP_REG_A_BIT,PS_OP_REG_8_BIT,PS_OP_REG_B_BIT
	and logic function of NAND
Generating Statement for block at 2G with output pin(s) of OUT_2G_D
	and inputs of OUT_4G_NoPin
	and logic function of NOT
Generating Statement for block at 4H with output pin(s) of OUT_4H_NoPin
	and inputs of PS_OP_REG_NOT_8_BIT,PS_OP_REG_B_BIT,PS_OP_REG_NOT_A_BIT
	and logic function of NAND
Generating Statement for block at 2H with output pin(s) of OUT_2H_R
	and inputs of OUT_4H_NoPin
	and logic function of NOT
Generating Statement for block at 4I with output pin(s) of OUT_4I_NoPin
	and inputs of PS_OP_REG_B_BIT,PS_OP_REG_NOT_A_BIT,PS_OP_REG_8_BIT
	and logic function of NAND
Generating Statement for block at 2I with output pin(s) of OUT_2I_D
	and inputs of OUT_4I_NoPin
	and logic function of NOT
Generating output sheet edge signal assignment to 
	signal PS_OP_DCDR_NOT_B_DOT_NOT_A_DOT_8_B
	from gate output OUT_2A_R
Generating output sheet edge signal assignment to 
	signal PS_OP_DCDR_NOT_B_DOT_A_DOT_8_B
	from gate output OUT_2B_R
Generating output sheet edge signal assignment to 
	signal PS_OP_DCDR_NOT_B_DOT_A_DOT_NOT_8_B
	from gate output OUT_2C_D
Generating output sheet edge signal assignment to 
	signal PS_OP_DCDR_NOT_B_DOT_NOT_A_DOT_NOT_8
	from gate output OUT_2D_A
Generating output sheet edge signal assignment to 
	signal PS_OP_DCDR_B_DOT_A_DOT_NOT_8_B
	from gate output OUT_2F_R
Generating output sheet edge signal assignment to 
	signal PS_OP_DCDR_B_DOT_A_DOT_8_B
	from gate output OUT_2G_D
Generating output sheet edge signal assignment to 
	signal PS_OP_DCDR_B_DOT_NOT_A_DOT_NOT_8_B
	from gate output OUT_2H_R
Generating output sheet edge signal assignment to 
	signal PS_OP_DCDR_B_DOT_NOT_A_DOT_8_B
	from gate output OUT_2I_D
