Generating HDL for page 12.62.04.1 CHECK AND CONDITION FOR E CHANNEL at 7/16/2020 1:48:18 PM
Found combinatorial loop (need D FF) at output of gate at 4B
Found combinatorial loop (need D FF) at output of gate at 3B
Found combinatorial loop (need D FF) at output of gate at 4G
Found combinatorial loop (need D FF) at output of gate at 3G
Removed 1 outputs from Gate at 2B to ignored block(s) or identical signal names
Removed 2 outputs from Gate at 2C to ignored block(s) or identical signal names
Removed 1 outputs from Gate at 2G to ignored block(s) or identical signal names
Removed 3 outputs from Gate at 2H to ignored block(s) or identical signal names
Added LAMP signal LAMP_15A1E16
Added LAMP signal LAMP_15A1F16
Generating Statement for block at 5A with output pin(s) of OUT_5A_C
	and inputs of PS_E_CH_SELECT_UNIT_T,PS_E_CH_IN_PROCESS,PS_CONS_DATA_CHECK
	and logic function of NAND
Generating Statement for block at 3A with output pin(s) of OUT_3A_C
	and inputs of OUT_5A_C,OUT_DOT_2D
	and logic function of NAND
Generating Statement for block at 2A with output pin(s) of OUT_2A_A
	and inputs of OUT_2B_D
	and logic function of NOT
Generating Statement for block at 1A with output pin(s) of 
	and inputs of OUT_2A_A
	and logic function of Lamp
Generating Statement for block at 4B with *latched* output pin(s) of OUT_4B_C_Latch, OUT_4B_C_Latch
	and inputs of OUT_DOT_3B,MS_1401_I_O_CHECK_RESET,MS_E_CH_RESET
	and logic function of NAND
Generating Statement for block at 3B with *latched* output pin(s) of OUT_3B_E_Latch
	and inputs of OUT_4B_C,OUT_5C_K,OUT_5D_D
	and logic function of NAND
Generating Statement for block at 2B with output pin(s) of OUT_2B_D, OUT_2B_D
	and inputs of OUT_DOT_3B
	and logic function of NOT
Generating Statement for block at 5C with output pin(s) of OUT_5C_K
	and inputs of PS_E_CH_CHECK_BUS,PS_E_CH_STATUS_SAMPLE_B
	and logic function of NAND
Generating Statement for block at 2C with output pin(s) of OUT_2C_D
	and inputs of OUT_4B_C
	and logic function of NOT
Generating Statement for block at 5D with output pin(s) of OUT_5D_D
	and inputs of PS_ERROR_SAMPLE,PS_I_O_CHECK,PS_E_CYCLE
	and logic function of NAND
Generating Statement for block at 3D with output pin(s) of OUT_3D_E
	and inputs of PS_E_CH_CHECK_BUS,PS_FILE_OP,PS_E_CH_STATUS_SAMPLE_A
	and logic function of NAND
Generating Statement for block at 5E with output pin(s) of OUT_5E_K
	and inputs of MS_E_CH_2_CHAR_ONLY_OP_CODES,MS_E_CH_SELECT_UNIT_T_DOT_INPUT
	and logic function of NAND
Generating Statement for block at 3E with output pin(s) of OUT_3E_G
	and inputs of MS_E_CH_BUSY_BUS,PS_E_CH_READY_BUS
	and logic function of NAND
Generating Statement for block at 5F with output pin(s) of OUT_5F_D
	and inputs of MS_E_CH_BUSY_BUS,PS_E_CH_READY_BUS,MS_E_CH_SELECT_TAPE_DATA
	and logic function of NAND
Generating Statement for block at 4F with output pin(s) of OUT_4F_B
	and inputs of MS_1401_I_O_CHECK_RESET
	and logic function of NOT
Generating Statement for block at 2F with output pin(s) of OUT_2F_B
	and inputs of OUT_2G_D
	and logic function of NOT
Generating Statement for block at 1F with output pin(s) of 
	and inputs of OUT_2F_B
	and logic function of Lamp
Generating Statement for block at 5G with output pin(s) of OUT_5G_C
	and inputs of PS_E_CH_STATUS_SAMPLE_A,PS_E_CH_CONDITION_BUS,MS_FILE_OP
	and logic function of NAND
Generating Statement for block at 4G with *latched* output pin(s) of OUT_4G_D_Latch
	and inputs of MS_E_CH_RESET,OUT_DOT_3G
	and logic function of NAND
Generating Statement for block at 3G with *latched* output pin(s) of OUT_3G_C_Latch
	and inputs of OUT_DOT_5G,OUT_DOT_4G,OUT_5H_NoPin
	and logic function of NAND
Generating Statement for block at 2G with output pin(s) of OUT_2G_D, OUT_2G_D
	and inputs of OUT_DOT_3G
	and logic function of NOT
Generating Statement for block at 5H with output pin(s) of OUT_5H_NoPin
	and inputs of PS_E_CH_CONDITION_BUS,PS_E_CH_STATUS_SAMPLE_B,MS_E_CH_SELECT_ANY_BUFFER
	and logic function of NAND
Generating Statement for block at 3H with output pin(s) of OUT_3H_P
	and inputs of OUT_4I_D
	and logic function of NAND
Generating Statement for block at 2H with output pin(s) of OUT_2H_C
	and inputs of OUT_DOT_4G
	and logic function of NOT
Generating Statement for block at 4I with output pin(s) of OUT_4I_D
	and inputs of PS_1401_CARD_PR_ERR_SAMPLE,PS_E_CH_CONDITION_BUS,MS_1401_READ_TRIGGER
	and logic function of NAND
Generating Statement for block at 2D with output pin(s) of OUT_DOT_2D, OUT_DOT_2D
	and inputs of OUT_3D_E,OUT_3E_G
	and logic function of OR
Generating Statement for block at 5G with output pin(s) of OUT_DOT_5G
	and inputs of OUT_5E_K,OUT_5F_D,OUT_5G_C
	and logic function of OR
Generating Statement for block at 3G with output pin(s) of OUT_DOT_3G, OUT_DOT_3G
	and inputs of OUT_3G_C,OUT_3H_P,PS_E_CH_COND_LATCH_STAR_SIF
	and logic function of OR
Generating Statement for block at 3B with output pin(s) of OUT_DOT_3B, OUT_DOT_3B
	and inputs of OUT_3A_C,OUT_3B_E
	and logic function of OR
Generating Statement for block at 4G with output pin(s) of OUT_DOT_4G, OUT_DOT_4G
	and inputs of OUT_4F_B,OUT_4G_D
	and logic function of OR
Generating output sheet edge signal assignment to 
	signal MS_E_CH_CHECK
	from gate output OUT_2B_D
Generating output sheet edge signal assignment to 
	signal PS_E_CH_CHECK
	from gate output OUT_2C_D
Generating output sheet edge signal assignment to 
	signal MS_E_CH_CONDITION
	from gate output OUT_2G_D
Generating output sheet edge signal assignment to 
	signal PS_E_CH_CONDITION
	from gate output OUT_2H_C
Generating output sheet edge signal assignment to 
	signal MS_E_CH_FILE_SET_CHECK_AT_A
	from gate output OUT_DOT_2D
Generating D Flip Flop for block at 4B
Generating D Flip Flop for block at 3B
Generating D Flip Flop for block at 4G
Generating D Flip Flop for block at 3G
