Generating HDL for page 14.15.10.1 AR BUS THOUSANDS POS 0 1 AND 2 BI at 8/19/2020 9:19:53 AM
Generating Statement for block at 3A with output pin(s) of OUT_3A_A
	and inputs of MS_A_AR_GT_OUT_THP0B,MS_C_AR_GT_OUT_THP0B,MS_I_AR_GT_OUT_THP0B
	and logic function of NAND
Generating Statement for block at 3B with output pin(s) of OUT_3B_A
	and inputs of MS_D_AR_GT_OUT_THP0B,MS_E_AR_GT_OUT_THP0B,MS_B_AR_GT_OUT_THP0B
	and logic function of NAND
Generating Statement for block at 3C with output pin(s) of OUT_3C_D
	and inputs of MS_F_AR_GT_OUT_THP0B
	and logic function of NAND
Generating Statement for block at 3D with output pin(s) of OUT_3D_D
	and inputs of MS_A_AR_GT_OUT_THP1B,MS_C_AR_GT_OUT_THP1B,MS_I_AR_GT_OUT_THP1B
	and logic function of NAND
Generating Statement for block at 3E with output pin(s) of OUT_3E_D
	and inputs of MS_D_AR_GT_OUT_THP1B,MS_E_AR_GT_OUT_THP1B,MS_B_AR_GT_OUT_THP1B
	and logic function of NAND
Generating Statement for block at 3F with output pin(s) of OUT_3F_A
	and inputs of MS_F_AR_GT_OUT_THP1B
	and logic function of NAND
Generating Statement for block at 3G with output pin(s) of OUT_3G_A
	and inputs of MS_A_AR_GT_OUT_THP2B,MS_C_AR_GT_OUT_THP2B,MS_I_AR_GT_OUT_THP2B
	and logic function of NAND
Generating Statement for block at 3H with output pin(s) of OUT_3H_D
	and inputs of MS_B_AR_GT_OUT_THP2B,MS_E_AR_GT_OUT_THP2B,MS_F_AR_GT_OUT_THP2B
	and logic function of NAND
Generating Statement for block at 3I with output pin(s) of OUT_3I_A
	and inputs of MS_D_AR_GT_OUT_THP2B,MS_RO_INDEX_AR,MS_RO_FIXED_ADDR
	and logic function of NAND
Generating Statement for block at 1A with output pin(s) of OUT_DOT_1A
	and inputs of OUT_3A_A,OUT_3B_A,OUT_3C_D
	and logic function of OR
Generating Statement for block at 1D with output pin(s) of OUT_DOT_1D
	and inputs of OUT_3D_D,OUT_3E_D,OUT_3F_A
	and logic function of OR
Generating Statement for block at 1G with output pin(s) of OUT_DOT_1G
	and inputs of OUT_3G_A,OUT_3H_D,OUT_3I_A
	and logic function of OR
Generating output sheet edge signal assignment to 
	signal PS_AR_BUS_THP0B
	from gate output OUT_DOT_1A
Generating output sheet edge signal assignment to 
	signal PS_AR_BUS_THP1B
	from gate output OUT_DOT_1D
Generating output sheet edge signal assignment to 
	signal PS_AR_BUS_THP2B
	from gate output OUT_DOT_1G
