Generating HDL for page 15.41.03.1 CHANNEL CHARACTER DETECTION at 9/9/2020 6:28:06 PM
Generating Statement for block at 5B with output pin(s) of OUT_5B_5
	and inputs of PS_A_CH_NOT_1_BIT,PS_A_CH_NOT_2_BIT
	and logic function of NAND
Generating Statement for block at 4C with output pin(s) of OUT_4C_6
	and inputs of PS_A_CH_NOT_B_BIT
	and logic function of NAND
Generating Statement for block at 1C with output pin(s) of OUT_1C_R
	and inputs of OUT_DOT_2C
	and logic function of EQUAL
Generating Statement for block at 3D with output pin(s) of OUT_3D_2
	and inputs of PS_A_CH_A_BIT,PS_A_CH_NOT_8_BIT,PS_A_CH_NOT_4_BIT
	and logic function of NAND
Generating Statement for block at 1D with output pin(s) of OUT_1D_C
	and inputs of OUT_1C_R
	and logic function of NAND
Generating Statement for block at 3E with output pin(s) of OUT_3E_4
	and inputs of PS_A_CH_A_BIT,PS_A_CH_NOT_8_BIT,PS_A_CH_NOT_4_BIT
	and logic function of NAND
Generating Statement for block at 1E with output pin(s) of OUT_1E_A
	and inputs of OUT_DOT_2E
	and logic function of NAND
Generating Statement for block at 4F with output pin(s) of OUT_4F_9
	and inputs of PS_A_CH_NOT_B_BIT
	and logic function of NAND
Generating Statement for block at 5G with output pin(s) of OUT_5G_8
	and inputs of PS_A_CH_NOT_1_BIT,PS_A_CH_NOT_2_BIT
	and logic function of NAND
Generating Statement for block at 2C with output pin(s) of OUT_DOT_2C
	and inputs of OUT_5B_5,OUT_4C_6,OUT_3D_2
	and logic function of OR
Generating Statement for block at 2E with output pin(s) of OUT_DOT_2E
	and inputs of OUT_3E_4,OUT_4F_9,OUT_5G_8
	and logic function of OR
Generating output sheet edge signal assignment to 
	signal MS_A_CH_CHAR_NOT_A_BIT
	from gate output OUT_1D_C
Generating output sheet edge signal assignment to 
	signal PS_A_CH_CHAR_A_BIT_ONLY
	from gate output OUT_1E_A
