Generating HDL for page 13.12.16.1 OP MODIFIER DECODE at 7/20/2020 4:34:24 PM
Removed 1 outputs from Gate at 3A to ignored block(s) or identical signal names
Removed 1 outputs from Gate at 3D to ignored block(s) or identical signal names
Removed 1 outputs from Gate at 3F to ignored block(s) or identical signal names
Generating Statement for block at 4A with output pin(s) of OUT_4A_H, OUT_4A_H
	and inputs of PS_B_DOT_NOT_A_DOT_8_OP_MOD,PS_OP_MOD_REG_NOT_C_BIT,PS_NOT_4_DOT_2_DOT_NOT_1_OP_MOD
	and logic function of NAND
Generating Statement for block at 3A with output pin(s) of OUT_3A_A
	and inputs of OUT_4A_H
	and logic function of NOT
Generating Statement for block at 4D with output pin(s) of OUT_4D_H, OUT_4D_H
	and inputs of PS_NOT_4_DOT_2_DOT_NOT_1_OP_MOD,PS_OP_MOD_REG_C_BIT,PS_B_NOT_A_DOT_NOT_8_OP_MOD
	and logic function of NAND
Generating Statement for block at 3D with output pin(s) of OUT_3D_A
	and inputs of OUT_4D_H
	and logic function of NOT
Generating Statement for block at 4E with output pin(s) of OUT_4E_E, OUT_4E_E
	and inputs of PS_B_NOT_A_DOT_NOT_8_OP_MOD,PS_OP_MOD_REG_C_BIT,PS_4_DOT_2_DOT_1_OP_MOD
	and logic function of NAND
Generating Statement for block at 4F with output pin(s) of OUT_4F_NoPin
	and inputs of PS_B_NOT_A_DOT_NOT_8_OP_MOD,PS_OP_MOD_REG_NOT_C_BIT,PS_NOT_4_DOT_2_DOT_1_OP_MOD
	and logic function of NAND
Generating Statement for block at 3F with output pin(s) of OUT_3F_D
	and inputs of OUT_4F_NoPin
	and logic function of NOT
Generating Statement for block at 2F with output pin(s) of OUT_2F_P
	and inputs of OUT_4E_E
	and logic function of NAND
Generating Statement for block at 4G with output pin(s) of OUT_4G_D
	and inputs of PS_OP_MOD_REG_C_BIT,PS_4_DOT_2_DOT_1_OP_MOD,PS_B_DOT_A_DOT_8_OP_MOD
	and logic function of NAND
Generating output sheet edge signal assignment to 
	signal MS_EXCLAM_MK_OP_MODIFIER
	from gate output OUT_4A_H
Generating output sheet edge signal assignment to 
	signal PS_EXCLAM_MK_OP_MODIFIER
	from gate output OUT_3A_A
Generating output sheet edge signal assignment to 
	signal MS_K_SYMBOL_OP_MODIFIER
	from gate output OUT_4D_H
Generating output sheet edge signal assignment to 
	signal PS_K_SYMBOL_OP_MODIFIER
	from gate output OUT_3D_A
Generating output sheet edge signal assignment to 
	signal MS_P_SYMBOL_OP_MODIFIER
	from gate output OUT_4E_E
Generating output sheet edge signal assignment to 
	signal PS_L_SYMBOL_OP_MODIFIER
	from gate output OUT_3F_D
Generating output sheet edge signal assignment to 
	signal PS_P_SYMBOL_OP_MODIFIER
	from gate output OUT_2F_P
Generating output sheet edge signal assignment to 
	signal MS_GROUP_MARK_OP_MODIFIER
	from gate output OUT_4G_D
