Generating HDL for page 13.65.02.1 1401 ERROR LATCHES ACC at 8/5/2020 12:59:10 PM
Found combinatorial loop (need D FF) at output of gate at 3B
Found combinatorial loop (need D FF) at output of gate at 1B
Found combinatorial loop (need D FF) at output of gate at 3D
Found combinatorial loop (need D FF) at output of gate at 1D
Found combinatorial loop (need D FF) at output of gate at 3F
Found combinatorial loop (need D FF) at output of gate at 1F
Found combinatorial loop (need D FF) at output of gate at 3G
Found combinatorial loop (need D FF) at output of gate at 2G
Found combinatorial loop (need D FF) at output of gate at 2H
Found combinatorial loop (need D FF) at output of gate at 3I
Ignoring Logic Block 2I with symbol R
Removed 1 outputs from Gate at 2H to ignored block(s) or identical signal names
Generating Statement for block at 5B with output pin(s) of OUT_5B_G, OUT_5B_G, OUT_5B_G, OUT_5B_G, OUT_5B_G
	and inputs of PS_FILE_OP,PS_I_RING_9_TIME
	and logic function of NAND
Generating Statement for block at 3B with *latched* output pin(s) of OUT_3B_E_Latch, OUT_3B_E_Latch
	and inputs of OUT_5B_G,MS_PROGRAM_RESET_2,OUT_1B_C
	and logic function of NAND
Generating Statement for block at 1B with *latched* output pin(s) of OUT_1B_C_Latch, OUT_1B_C_Latch
	and inputs of OUT_3B_E,OUT_5C_D
	and logic function of NAND
Generating Statement for block at 5C with output pin(s) of OUT_5C_D
	and inputs of PS_E_CH_CHECK_BUS,PS_E_CH_SELECT_UNIT_F,PS_E_CH_STATUS_SAMPLE_B
	and logic function of NAND
Generating Statement for block at 3C with output pin(s) of OUT_3C_D
	and inputs of PS_FILE_OP_DOT_D_CY_DOT_EXTENSION,PS_FILE_WRONG_LENGTH_ADDR_CON,PS_LOGIC_GATE_E_1
	and logic function of NAND
Generating Statement for block at 1C with output pin(s) of OUT_1C_C
	and inputs of OUT_3C_D
	and logic function of NAND
Generating Statement for block at 3D with *latched* output pin(s) of OUT_3D_F_Latch, OUT_3D_F_Latch
	and inputs of OUT_5B_G,OUT_DOT_1C,MS_PROGRAM_RESET_2
	and logic function of NAND
Generating Statement for block at 1D with *latched* output pin(s) of OUT_1D_C_Latch
	and inputs of OUT_3D_F,OUT_5E_D
	and logic function of NAND
Generating Statement for block at 5E with output pin(s) of OUT_5E_D
	and inputs of PS_E_CH_WRONG_LENGTH_REC_COND,PS_E_CH_SELECT_UNIT_F,PS_E_CH_STATUS_SAMPLE_B
	and logic function of NAND
Generating Statement for block at 5F with output pin(s) of OUT_5F_D
	and inputs of MS_E_CH_READY_BUS,PS_E_CH_STATUS_SAMPLE_B,PS_E_CH_SELECT_UNIT_F
	and logic function of NAND
Generating Statement for block at 3F with *latched* output pin(s) of OUT_3F_E_Latch, OUT_3F_E_Latch
	and inputs of OUT_5B_G,MS_PROGRAM_RESET_2,OUT_1F_E
	and logic function of NAND
Generating Statement for block at 1F with *latched* output pin(s) of OUT_1F_E_Latch, OUT_1F_E_Latch
	and inputs of OUT_3F_E,OUT_5G_E
	and logic function of NAND
Generating Statement for block at 5G with output pin(s) of OUT_5G_E
	and inputs of PS_E_CH_STATUS_SAMPLE_B,PS_E_CH_CONDITION_BUS,PS_E_CH_SELECT_UNIT_F
	and logic function of NAND
Generating Statement for block at 3G with *latched* output pin(s) of OUT_3G_E_Latch
	and inputs of OUT_5B_G,MS_PROGRAM_RESET_2,OUT_DOT_2G
	and logic function of NAND
Generating Statement for block at 2G with *latched* output pin(s) of OUT_2G_C_Latch
	and inputs of OUT_5F_D,OUT_3G_E
	and logic function of NAND
Generating Statement for block at 5H with output pin(s) of OUT_5H_C
	and inputs of MC_FILE_INVALID_ADDRESS_1405
	and logic function of NOR
Generating Statement for block at 4H with output pin(s) of OUT_4H_D
	and inputs of OUT_DOT_2G
	and logic function of NOT
Generating Statement for block at 3H with output pin(s) of OUT_3H_P
	and inputs of OUT_4H_D,OUT_3I_D
	and logic function of NAND
Generating Statement for block at 2H with *latched* output pin(s) of OUT_2H_D_Latch, OUT_2H_D_Latch
	and inputs of OUT_3I_D,OUT_DOT_4I
	and logic function of NAND
Generating Statement for block at 1H with output pin(s) of OUT_1H_C
	and inputs of OUT_3B_E,OUT_3D_F,OUT_3F_E
	and logic function of NAND
Generating Statement for block at 5I with output pin(s) of OUT_5I_E
	and inputs of PS_1401_MODE,PS_E_CH_STATUS_SAMPLE_B
	and logic function of NAND
Generating Statement for block at 4I with output pin(s) of OUT_4I_P
	and inputs of PS_E_CH_SELECT_UNIT_F,PS_E_CH_BUSY_BUS
	and logic function of NAND
Generating Statement for block at 3I with *latched* output pin(s) of OUT_3I_D_Latch, OUT_3I_D_Latch
	and inputs of OUT_5B_G,OUT_2H_D,MS_PROGRAM_RESET_2
	and logic function of NAND
Generating Statement for block at 1C with output pin(s) of OUT_DOT_1C, OUT_DOT_1C
	and inputs of OUT_1C_C,OUT_1D_C
	and logic function of OR
Generating Statement for block at 1H with output pin(s) of OUT_DOT_1H
	and inputs of OUT_3H_P,OUT_1H_C
	and logic function of OR
Generating Statement for block at 2G with output pin(s) of OUT_DOT_2G, OUT_DOT_2G, OUT_DOT_2G
	and inputs of OUT_2G_C,OUT_5H_C
	and logic function of OR
Generating Statement for block at 4I with output pin(s) of OUT_DOT_4I
	and inputs of OUT_5I_E,OUT_4I_P
	and logic function of OR
Generating output sheet edge signal assignment to 
	signal PS_1401_FILE_VALIDITY_CK
	from gate output OUT_1B_C
Generating output sheet edge signal assignment to 
	signal PS_1401_FILE_ADDR_COMPARE
	from gate output OUT_1F_E
Generating output sheet edge signal assignment to 
	signal PS_FILE_BUSY_LATCH
	from gate output OUT_2H_D
Generating output sheet edge signal assignment to 
	signal PS_1401_FILE_WRONG_LENG_REC
	from gate output OUT_DOT_1C
Generating output sheet edge signal assignment to 
	signal PS_1401_ANY_FILE_CHECK
	from gate output OUT_DOT_1H
Generating output sheet edge signal assignment to 
	signal PS_FILE_INVALID_ADDRESS
	from gate output OUT_DOT_2G
Generating D Flip Flop for block at 3B
Generating D Flip Flop for block at 1B
Generating D Flip Flop for block at 3D
Generating D Flip Flop for block at 1D
Generating D Flip Flop for block at 3F
Generating D Flip Flop for block at 1F
Generating D Flip Flop for block at 3G
Generating D Flip Flop for block at 2G
Generating D Flip Flop for block at 2H
Generating D Flip Flop for block at 3I
