Generating HDL for page 15.60.32.1 E CH LINE DRIVERS at 9/18/2020 9:20:40 PM
WARNING: During sheet edge merge, Logic block at 3D pin G outputs to two different signal names: -C CPU TO E CH 1405 8 BIT vs. -C CPU TO E CH 1301 8 BIT
WARNING: During sheet edge merge, Logic block at 3H pin H outputs to two different signal names: -C CPU TO E CH 1405 4 BIT vs. -C CPU TO E CH 1301 4 BIT
Removed 1 outputs from Gate at 3C to ignored block(s) or identical signal names
Removed 1 outputs from Gate at 3G to ignored block(s) or identical signal names
Generating Statement for block at 3B with output pin(s) of OUT_3B_G
	and inputs of MS_E2_REG_8_BIT
	and logic function of EQUAL
Generating Statement for block at 3C with output pin(s) of OUT_3C_G
	and inputs of MS_E2_REG_8_BIT
	and logic function of EQUAL
Generating Statement for block at 3D with output pin(s) of OUT_3D_G, OUT_3D_G
	and inputs of MS_E2_REG_8_BIT
	and logic function of EQUAL
Generating Statement for block at 3F with output pin(s) of OUT_3F_H
	and inputs of MS_E2_REG_4_BIT
	and logic function of EQUAL
Generating Statement for block at 3G with output pin(s) of OUT_3G_H
	and inputs of MS_E2_REG_4_BIT
	and logic function of EQUAL
Generating Statement for block at 3H with output pin(s) of OUT_3H_H, OUT_3H_H
	and inputs of MS_E2_REG_4_BIT
	and logic function of EQUAL
Generating output sheet edge signal assignment to 
	signal MC_CPU_TO_E_CH_TAU_8_BIT
	from gate output OUT_3B_G
Generating output sheet edge signal assignment to 
	signal MC_CPU_TO_I_O_SYNC_8_BIT
	from gate output OUT_3C_G
Generating output sheet edge signal assignment to 
	signal MC_CPU_TO_E_CH_1301_8_BIT
	from gate output OUT_3D_G
Generating output sheet edge signal assignment to 
	signal MC_CPU_TO_E_CH_1405_8_BIT
	from gate output OUT_3D_G
Generating output sheet edge signal assignment to 
	signal MC_CPU_TO_E_CH_TAU_4_BIT
	from gate output OUT_3F_H
Generating output sheet edge signal assignment to 
	signal MC_CPU_TO_I_O_SYNC_4_BIT
	from gate output OUT_3G_H
Generating output sheet edge signal assignment to 
	signal MC_CPU_TO_E_CH_1301_4_BIT
	from gate output OUT_3H_H
Generating output sheet edge signal assignment to 
	signal MC_CPU_TO_E_CH_1405_4_BIT
	from gate output OUT_3H_H
