Generating HDL for page 42.10.04.1 CONSOLE ASSEMBLY 8 BIT at 10/25/2020 10:17:57 AM
Note: DOT Function at 3C has input level(s) of S, and output level(s) of S, Logic Function set to OR
Removed 2 outputs from Gate at 2A to ignored block(s) or identical signal names
Generating Statement for block at 5A with output pin(s) of OUT_5A_NoPin
	and inputs of PS_AR_EXIT_CH_8_BIT,PS_CONS_ADDR_REG_EXIT_GATE
	and logic function of NAND
Generating Statement for block at 2A with output pin(s) of OUT_2A_A
	and inputs of OUT_DOT_3C
	and logic function of EQUAL
Generating Statement for block at 5B with output pin(s) of OUT_5B_NoPin
	and inputs of PS_OP_REG_8_BIT,PS_CONS_MX_19_POS
	and logic function of NAND
Generating Statement for block at 4B with output pin(s) of OUT_4B_F
	and inputs of OUT_5A_NoPin,OUT_5B_NoPin,OUT_5C_NoPin
	and logic function of NAND
Generating Statement for block at 5C with output pin(s) of OUT_5C_NoPin
	and inputs of PS_OP_MOD_REG_8_BIT,PS_CONS_MX_20_POS
	and logic function of NAND
Generating Statement for block at 3C with output pin(s) of OUT_3C_NoPin
	and inputs of PS_E_CH_U_SEL_REG_8_BIT,PS_CONS_MX_26_POS
	and logic function of NAND
Generating Statement for block at 5D with output pin(s) of OUT_5D_NoPin
	and inputs of PS_A_DATA_REG_8_BIT,PS_CONS_MX_22_POS
	and logic function of NAND
Generating Statement for block at 3D with output pin(s) of OUT_3D_NoPin
	and inputs of PS_E_CH_UNIT_NU_REG_8_BIT,PS_CONS_MX_27_POS
	and logic function of NAND
Generating Statement for block at 2D with output pin(s) of OUT_2D_F
	and inputs of OUT_3C_NoPin,OUT_3D_NoPin,OUT_3E_NoPin
	and logic function of NAND
Generating Statement for block at 5E with output pin(s) of OUT_5E_NoPin
	and inputs of PS_B_CH_8_BIT,PS_CONS_B_DATA_CH_GATE
	and logic function of NAND
Generating Statement for block at 4E with output pin(s) of OUT_4E_F
	and inputs of OUT_5D_NoPin,OUT_5E_NoPin,OUT_5F_NoPin
	and logic function of NAND
Generating Statement for block at 3E with output pin(s) of OUT_3E_NoPin
	and inputs of PS_F_CH_U_SEL_REG_8_BIT,PS_CONS_MX_28_POS
	and logic function of NAND
Generating Statement for block at 5F with output pin(s) of OUT_5F_NoPin
	and inputs of PS_ASSEMBLY_CH_8_BIT,PS_CONS_MX_24_POS
	and logic function of NAND
Generating Statement for block at 5G with output pin(s) of OUT_5G_NoPin
	and inputs of PS_F_CH_UNIT_NU_REG_8_BIT,PS_CONS_MX_29_POS
	and logic function of NAND
Generating Statement for block at 4G with output pin(s) of OUT_4G_A
	and inputs of OUT_5G_NoPin,OUT_5H_NoPin
	and logic function of NAND
Generating Statement for block at 5H with output pin(s) of OUT_5H_NoPin
	and inputs of PS_E2_REG_8_BIT,PS_CONS_E2_REG_GATE
	and logic function of NAND
Generating Statement for block at 4I with output pin(s) of OUT_4I_D
	and inputs of MS_SPECIAL_CHAR_I,MS_SPECIAL_CHAR_R,MS_SPECIAL_CHAR_POUND
	and logic function of NAND
Generating Statement for block at 3C with output pin(s) of OUT_DOT_3C
	and inputs of OUT_4B_F,OUT_2D_F,OUT_4E_F,OUT_4G_A,OUT_4I_D
	and logic function of OR
Generating output sheet edge signal assignment to 
	signal PS_CONSOLE_OUTPUT_8_BIT
	from gate output OUT_2A_A
