Generating HDL for group named CommonARSOpDecodeat 7/24/2020 7:55:28 AM containing pages: 
	13.11.01.1, 13.11.02.1, 13.13.01.1, 13.13.02.1, 13.13.03.1
	13.13.04.1, 13.13.05.1, 13.13.06.1, 13.13.07.1, 13.13.08.1
Old test bench file CommonARSOpDecode_tb.vhdl 55 lines preserved and 32 declaration lines preserved
Building lists of signals on 10 pages...
Found 14 signals on page 13.11.01.1
Found 14 signals on page 13.11.02.1
Found 16 signals on page 13.13.01.1
Found 13 signals on page 13.13.02.1
Found 17 signals on page 13.13.03.1
Found 18 signals on page 13.13.04.1
Found 16 signals on page 13.13.05.1
Found 19 signals on page 13.13.06.1
Found 15 signals on page 13.13.07.1
Found 12 signals on page 13.13.08.1
Found 39 unique input signals and 73 unique output signals, (96 total unique signals)
Determining sources for all input signals...
INFO:  Signal +S OP REG B BIT originates outside the group.
INFO:  Signal +S OP REG NOT B BIT originates outside the group.
INFO:  Signal +S OP REG A BIT originates outside the group.
INFO:  Signal +S OP REG NOT A BIT originates outside the group.
INFO:  Signal +S OP REG 8 BIT originates outside the group.
INFO:  Signal +S OP REG NOT 8 BIT originates outside the group.
INFO:  Signal +S OP REG 4 BIT originates outside the group.
INFO:  Signal +S OP REG NOT 4 BIT originates outside the group.
INFO:  Signal +S OP REG 2 BIT originates outside the group.
INFO:  Signal +S OP REG NOT 2 BIT originates outside the group.
INFO:  Signal +S OP REG 1 BIT originates outside the group.
INFO:  Signal +S OP REG NOT 1 BIT originates outside the group.
INFO:  Signal +S OP REG COM C BIT originates outside the group.
INFO:  Signal +S OP REG COM NOT C BIT originates outside the group.
INFO:  Signal +S OP DCDR NOT B.A.NOT 8 B originates inside the group.
INFO:  Signal +S OP DCDR B.A.NOT 8 B originates inside the group.
INFO:  Signal +S OP DCDR B.A.8 B originates inside the group.
INFO:  Signal +S OP DCDR B.NOT A.8 B originates inside the group.
INFO:  Signal +S OP DCDR NOT 4.NOT 2.1 B originates inside the group.
INFO:  Signal +S OP DCDR NOT 4.2.NOT 1 B originates inside the group.
INFO:  Signal +S OP DCDR NOT B.NOT A.8 B originates inside the group.
INFO:  Signal +S OP DCDR NOT B.A.8 B originates inside the group.
INFO:  Signal +S OP DCDR 4.NOT 2.1 B originates inside the group.
INFO:  Signal +S OP DCDR 4.NOT 2.NOT 1 B originates inside the group.
INFO:  Signal +S OP DCDR NOT 4.2.1 B originates inside the group.
INFO:  Signal +S OP DCDR 4.2.NOT 1 B originates inside the group.
INFO:  Signal +S OP REG ARS C BIT originates outside the group.
INFO:  Signal +S OP REG ARS NOT C BIT originates outside the group.
INFO:  Signal +S OP DCDR B.NOT A.NOT 8 B originates inside the group.
INFO:  Signal -S 1401 DATA MOVE OP originates outside the group.
INFO:  Signal -S 1401 CHAR TEST OP CODE originates outside the group.
INFO:  Signal -S 1401 COND TEST OP CODE originates outside the group.
INFO:  Signal -S UNIT CTRL OP CODE originates inside the group.
INFO:  Signal -S 1401 I-O MOVE OP originates outside the group.
INFO:  Signal -S 1401 I-O LOAD OP originates outside the group.
INFO:  Signal -S 1401 M OP CODE originates outside the group.
INFO:  Signal -S 1401 L OP CODE originates outside the group.
INFO:  Signal +S OP DCDR NOT 4.NOT 2.NOT 1 B originates inside the group.
INFO:  Signal +S OP DCDR 4.2.1 B originates inside the group.
Determining destinations for all output signals...
INFO:  Signal +S OP DCDR NOT B.NOT A.8 B is used outside the group.
INFO:  Signal +S OP DCDR NOT B.A.8 B is used outside the group.
INFO:  Signal +S OP DCDR NOT B.A.NOT 8 B is used only inside the group.
INFO:  Signal +S OP DCDR NOT B.NOT A.NOT 8 B is used outside the group.
INFO:  Signal +S OP DCDR B.A.NOT 8 B is used outside the group.
INFO:  Signal +S OP DCDR B.A.8 B is used outside the group.
INFO:  Signal +S OP DCDR B.NOT A.NOT 8 B is used outside the group.
INFO:  Signal +S OP DCDR B.NOT A.8 B is used outside the group.
INFO:  Signal +S OP DCDR NOT 4.NOT 2.NOT 1 B is used outside the group.
INFO:  Signal +S OP DCDR NOT 4.NOT 2.1 B is used outside the group.
INFO:  Signal +S OP DCDR NOT 4.2.1 B is used outside the group.
INFO:  Signal +S OP DCDR NOT 4.2.NOT 1 B is used outside the group.
INFO:  Signal +S OP DCDR 4.2.NOT 1 B is used outside the group.
INFO:  Signal +S OP DCDR 4.NOT 2.1 B is used outside the group.
INFO:  Signal +S OP DCDR 4.NOT 2.NOT 1 B is used outside the group.
INFO:  Signal +S OP DCDR 4.2.1 B is used outside the group.
INFO:  Signal +S RESET ADD OP CODE is used outside the group.
INFO:  Signal -S RESET ADD OP CODE is used outside the group.
INFO:  Signal +S RESET SUBT OP CODE is used outside the group.
INFO:  Signal -S RESET SUBT OP CODE is used outside the group.
INFO:  Signal +S ADD OP CODE is used outside the group.
INFO:  Signal -S ADD OP CODE is used outside the group.
INFO:  Signal +S SUBT OP CODE is used outside the group.
INFO:  Signal -S SUBT OP CODE is used outside the group.
INFO:  Signal -S MPLY OP CODE is used outside the group.
INFO:  Signal +S EDIT OP CODE is used outside the group.
INFO:  Signal +S MPLY OP CODE is used outside the group.
INFO:  Signal +S DIV OP CODE is used outside the group.
INFO:  Signal -S DIV OP CODE is used outside the group.
INFO:  Signal -S EDIT OP CODE is used outside the group.
INFO:  Signal +S COMPARE OP CODE is used outside the group.
INFO:  Signal +S MOVE ZERO SUP OP CODE is used outside the group.
INFO:  Signal +S ZN OR WM TST BRANCH OP CODE is used outside the group.
INFO:  Signal +S BIT TEST BRANCH OP CODE is used outside the group.
INFO:  Signal -S COMPARE OP CODE is used outside the group.
INFO:  Signal -S MOVE ZERO SUP OP CODE is used outside the group.
INFO:  Signal -S BIT TEST BRANCH OP CODE is used outside the group.
INFO:  Signal -S ZN OR WM TST BRANCH OP CODE is used outside the group.
INFO:  Signal -S UNIT CTRL OP CODE is used outside the group.
INFO:  Signal +S CLEAR OP CODE is used outside the group.
INFO:  Signal +S SET WORD MARK OP CODE is used outside the group.
INFO:  Signal -S STOP.BRANCH OP CODE is used outside the group.
INFO:  Signal +S STOP.BRANCH OP CODE is used outside the group.
INFO:  Signal -S SET WORK MARK OP CODE is used outside the group.
INFO:  Signal +S CLEAR WORD MARK OP CODE is used outside the group.
INFO:  Signal -S CLEAR WORD MARK OP CODE is used outside the group.
INFO:  Signal -S CLEAR OP CODE is used outside the group.
INFO:  Signal +S UNIT CTRL OP CODE is used outside the group.
INFO:  Signal +S DATA MOVE OP CODE is used outside the group.
INFO:  Signal +S COND TEST BRANCH OP CODE is used outside the group.
INFO:  Signal +S CHAR TEST BRANCH OP CODE is used outside the group.
INFO:  Signal -S COND TEST BRANCH OP CODE is used outside the group.
INFO:  Signal -S DATA MOVE OP CODE is used outside the group.
INFO:  Signal -S CHAR TEST BRANCH OP CODE is used outside the group.
INFO:  Signal +S BRANCH ON STATUS CH 1 is used outside the group.
INFO:  Signal -S I-O MOVE OP CODE is used outside the group.
INFO:  Signal +S I-O MOVE+I-O LOAD OP CODE is used outside the group.
INFO:  Signal -S I-O LOAD OP CODE is used outside the group.
INFO:  Signal +S I-O LOAD OP CODE is used outside the group.
INFO:  Signal +S ANY M+L+U OP is used outside the group.
INFO:  Signal -S BRANCH ON STATUS CH 1 is used outside the group.
INFO:  Signal -S STORE ADDR REGS OP CODE is used outside the group.
INFO:  Signal +S STORE ADDR REGS OP CODE is used outside the group.
INFO:  Signal +S TABLE SEARCH OP CODE is used outside the group.
INFO:  Signal +S BRANCH ON STATUS CH 2 is used outside the group.
INFO:  Signal -S INTERRUPT TEST OP CODE is used outside the group.
INFO:  Signal -S BRANCH ON STATUS CH 2 is used outside the group.
INFO:  Signal -S TABLE SEARCH OP CODE is used outside the group.
INFO:  Signal +S E CH FORMS CTRL OP CODE is used outside the group.
INFO:  Signal +S ARS NO OP is used outside the group.
INFO:  Signal +S E CH STACKER SEL OP CODE is used outside the group.
INFO:  Signal -S E CH STACKER SEL OP CODE is used outside the group.
INFO:  Signal -S E CH FORMS CTRL OP CODE is used outside the group.
Removing 1 output signals that do not have destinations outside the group...
Removing 16 input signals that originate inside the group...
Signal +S OP DCDR B.A.NOT 8 B is output from the group, but also used as an input inside the group.
Signal +S OP DCDR B.A.8 B is output from the group, but also used as an input inside the group.
Signal +S OP DCDR B.NOT A.8 B is output from the group, but also used as an input inside the group.
Signal +S OP DCDR NOT 4.NOT 2.1 B is output from the group, but also used as an input inside the group.
Signal +S OP DCDR NOT 4.2.NOT 1 B is output from the group, but also used as an input inside the group.
Signal +S OP DCDR NOT B.NOT A.8 B is output from the group, but also used as an input inside the group.
Signal +S OP DCDR NOT B.A.8 B is output from the group, but also used as an input inside the group.
Signal +S OP DCDR 4.NOT 2.1 B is output from the group, but also used as an input inside the group.
Signal +S OP DCDR 4.NOT 2.NOT 1 B is output from the group, but also used as an input inside the group.
Signal +S OP DCDR NOT 4.2.1 B is output from the group, but also used as an input inside the group.
Signal +S OP DCDR 4.2.NOT 1 B is output from the group, but also used as an input inside the group.
Signal +S OP DCDR B.NOT A.NOT 8 B is output from the group, but also used as an input inside the group.
Signal -S UNIT CTRL OP CODE is output from the group, but also used as an input inside the group.
Signal +S OP DCDR NOT 4.NOT 2.NOT 1 B is output from the group, but also used as an input inside the group.
Signal +S OP DCDR 4.2.1 B is output from the group, but also used as an input inside the group.
Input Signal +S OP REG B BIT replaced by Bus signal +S OP REG BUS
Input Signal +S OP REG NOT B BIT replaced by Bus signal +S OP REG NOT BUS
Input Signal +S OP REG A BIT replaced by Bus signal +S OP REG BUS
Input Signal +S OP REG NOT A BIT replaced by Bus signal +S OP REG NOT BUS
Input Signal +S OP REG 8 BIT replaced by Bus signal +S OP REG BUS
Input Signal +S OP REG NOT 8 BIT replaced by Bus signal +S OP REG NOT BUS
Input Signal +S OP REG 4 BIT replaced by Bus signal +S OP REG BUS
Input Signal +S OP REG NOT 4 BIT replaced by Bus signal +S OP REG NOT BUS
Input Signal +S OP REG 2 BIT replaced by Bus signal +S OP REG BUS
Input Signal +S OP REG NOT 2 BIT replaced by Bus signal +S OP REG NOT BUS
Input Signal +S OP REG 1 BIT replaced by Bus signal +S OP REG BUS
Input Signal +S OP REG NOT 1 BIT replaced by Bus signal +S OP REG NOT BUS
Generating list of internal signals/wires ...
1 internal signals/wires found.
Generating HDL prefixes...
Generating HDL associated with page 13.11.01.1 (OPERATION DECODE)
Generating HDL associated with page 13.11.02.1 (OPERATION DECODE)
Generating HDL associated with page 13.13.01.1 (COMMON OP DECODE)
Generating HDL associated with page 13.13.02.1 (COMMON OP DECODE)
Generating HDL associated with page 13.13.03.1 (COMMON OP DECODE)
Generating HDL associated with page 13.13.04.1 (COMMON OP DECODE)
Generating HDL associated with page 13.13.05.1 (ARS OP DECODE)
Generating HDL associated with page 13.13.06.1 (ARS OP DECODE)
Generating HDL associated with page 13.13.07.1 (ARS OP DECODE-ACC)
Generating HDL associated with page 13.13.08.1 (ARS OP DECODE)
