Generating HDL for group named EchEorEotWlrat 7/31/2020 9:45:31 AM containing pages: 
	13.63.01.1, 13.63.02.1, 13.63.03.1
No existing test bench file D:\Users\jay\Schematics\IBM1410\VHDL\EchEorEotWlr_tb.vhdl, FileNotFoundException , generating default test bench code.
Building lists of signals on 3 pages...
Found 27 signals on page 13.63.01.1
Found 13 signals on page 13.63.02.1
Found 41 signals on page 13.63.03.1
Found 57 unique input signals and 16 unique output signals, (70 total unique signals)
Determining sources for all input signals...
INFO:  Signal +S 2ND CLOCK PULSE 2 originates outside the group.
INFO:  Signal +S LOGIC GATE F 1 originates outside the group.
INFO:  Signal +S LOGIC GATE W originates outside the group.
INFO:  Signal +S LOGIC GATE F OR W originates outside the group.
INFO:  Signal +S E CYCLE originates outside the group.
INFO:  Signal -S W SYMBOL OP MODIFIER originates outside the group.
INFO:  Signal -S R SYMBOL OP MODIFIER originates outside the group.
INFO:  Signal +S UNIT CTRL OP CODE originates outside the group.
INFO:  Signal +S E CH EXT END OF TRANSFER originates outside the group.
INFO:  Signal -S E CH LAST INPUT CYCLE originates inside the group.
INFO:  Signal +S WRAP AROUND CONDITIONS originates outside the group.
INFO:  Signal +S B CH GROUP MARK.WM originates outside the group.
INFO:  Signal -S E CH 2ND ADDR TRF originates outside the group.
INFO:  Signal -S 1401 CARD PRINT IN PROC originates outside the group.
INFO:  Signal +S END OF RECORD*1311 originates outside the group.
INFO:  Signal +S E CH LAST INPUT CYCLE originates inside the group.
INFO:  Signal -S E CH END OF 2ND ADDR TRF originates outside the group.
INFO:  Signal +S E CH SIF SENSE + CONTROL originates outside the group.
INFO:  Signal +S E CH STATUS SAMPLE A originates outside the group.
INFO:  Signal -S E CH RESET originates outside the group.
INFO:  Signal +S INT END OF XFER*1311 originates outside the group.
INFO:  Signal +S E CH OUTPUT MODE originates outside the group.
INFO:  Signal +S E1 REG FULL originates outside the group.
INFO:  Signal +S E2 REG FULL originates outside the group.
INFO:  Signal -S LOGIC GATE B OR S originates outside the group.
INFO:  Signal +S LOGIC GATE C OR T originates outside the group.
INFO:  Signal +S INPUT CYCLE originates outside the group.
INFO:  Signal -S E1 REG FULL originates outside the group.
INFO:  Signal -S E2 REG FULL originates outside the group.
INFO:  Signal +S E CH INPUT MODE originates outside the group.
INFO:  Signal -S F CH LAST INPUT CYCLE originates outside the group.
INFO:  Signal +S LOGIC GATE E 1 originates outside the group.
INFO:  Signal +S E CH READY BUS originates outside the group.
INFO:  Signal -S E CH BUSY BUS originates outside the group.
INFO:  Signal -S E CH CHECK BUS originates outside the group.
INFO:  Signal +S PROGRAM RESET originates outside the group.
INFO:  Signal +S 1401 MODE originates outside the group.
INFO:  Signal -S M SYMBOL OP MODIFIER originates outside the group.
INFO:  Signal +S Q+V SYMBOL OP MODIFIER originates outside the group.
INFO:  Signal -S Q+V SYMBOL OP MODIFIER originates outside the group.
INFO:  Signal +S E CH 2 CHAR ONLY OP CODES originates outside the group.
INFO:  Signal -S E CH SELECT UNIT F originates outside the group.
INFO:  Signal +S E CH END OF RECORD LATCH originates inside the group.
INFO:  Signal -S E CH STROBE TRIGGER originates outside the group.
INFO:  Signal -S E CH RESET CORR REC LENGTH originates outside the group.
INFO:  Signal -S F OR K E CH RESET originates outside the group.
INFO:  Signal +S E CH STATUS SAMPLE B originates outside the group.
INFO:  Signal -S E CH FILE.NO TRANSFER BUS originates outside the group.
INFO:  Signal +S FILE OP originates outside the group.
INFO:  Signal +S FILE RING 7 LATCH originates outside the group.
INFO:  Signal -S E CH UNIT NUMBER 0 originates outside the group.
INFO:  Signal -S FILE SET E CH NO TRANS B originates outside the group.
INFO:  Signal +S FILE OP.D CY.EXTENSION originates outside the group.
INFO:  Signal +S E CH UNIT NUMBER 0 originates outside the group.
INFO:  Signal +S E CH UNGATED SAMPLE A originates outside the group.
INFO:  Signal +S E CH STATUS SAMPLE A DELAY originates outside the group.
INFO:  Signal +S E CH ANY STATUS ON originates outside the group.
Determining destinations for all output signals...
INFO:  Signal -S E CH INT END OF TRANSFER is used outside the group.
INFO:  Signal +S E CH END OF RECORD LATCH is used only inside the group.
INFO:  Signal +S E CH INT END OF TRANSFER is used outside the group.
INFO:  Signal -S E CH LAST INPUT CYCLE is used outside the group.
INFO:  Signal +S E CH LAST INPUT CYCLE is used only inside the group.
INFO:  Signal +S ANY LAST INPUT CYCLE is used outside the group.
INFO:  Signal -S ANY LAST INPUT CYCLE is used outside the group.
INFO:  Signal +S E CH WRONG LENGTH RECORD is used outside the group.
INFO:  Signal -S E CH CORRECT LENGTH RECORD is used outside the group.
INFO:  Signal +S E CH CORRECT LENGTH RECORD is used outside the group.
INFO:  Signal -S E CH FILE SET W.L. ADDR is used outside the group.
INFO:  Signal +S FILE WRONG LENGTH ADDR CON is used outside the group.
INFO:  Signal +S E CH WRONG LENGTH REC COND is used outside the group.
INFO:  Signal +S E CH WLR*1311-1401 is used outside the group.
INFO:  Signal -S E CH WRONG LENGTH RECORD is used outside the group.
INFO:  Signal -C W.L.R. TO FILE*E CH is used outside the group.
Removing 2 output signals that do not have destinations outside the group...
Removing 3 input signals that originate inside the group...
Signal -S E CH LAST INPUT CYCLE is output from the group, but also used as an input inside the group.
Page 13.63.03.1 generates Lamp Output LAMP_15A1H16
Generating list of internal signals/wires ...
2 internal signals/wires found.
Generating HDL prefixes...
Generating HDL associated with page 13.63.01.1 (E CH END OF REC+END OF TRANS-ACC)
Generating HDL associated with page 13.63.02.1 (E CH LAST INPUT CYCLE-ACC)
Generating HDL associated with page 13.63.03.1 (E CH WRONG LENGTH RECORD-ACC)
