Generating HDL for group named FChWordSeparatorCtrlat 8/4/2020 2:06:54 PM containing pages: 
	13.64.02.1, 13.64.04.1
No existing test bench file D:\Users\jay\Schematics\IBM1410\VHDL\FChWordSeparatorCtrl_tb.vhdl, FileNotFoundException , generating default test bench code.
Building lists of signals on 2 pages...
Found 8 signals on page 13.64.02.1
Found 13 signals on page 13.64.04.1
Found 14 unique input signals and 7 unique output signals, (20 total unique signals)
Determining sources for all input signals...
INFO:  Signal +S LOGIC GATE C + D originates outside the group.
INFO:  Signal +S I RING 4 TIME originates outside the group.
INFO:  Signal -S COMPUTER RESET 1 originates outside the group.
INFO:  Signal +S LOZENGE OR ASTERISK originates outside the group.
INFO:  Signal +S F CH RESET *1414 originates outside the group.
INFO:  Signal -S F CH RESET originates inside the group.
INFO:  Signal +S F CH NOT WORD SEPARATOR originates outside the group.
INFO:  Signal -S F1 INPUT WM BIT originates outside the group.
INFO:  Signal +S SET F1 REG originates outside the group.
INFO:  Signal +S F CH WORD SEPARATOR MODE originates outside the group.
INFO:  Signal +S F CH OUTPUT MODE originates outside the group.
INFO:  Signal +S RESET F2 FULL LATCH originates outside the group.
INFO:  Signal +S F CH INPUT MODE originates outside the group.
INFO:  Signal +S SET F2 REG DELAYED originates outside the group.
Determining destinations for all output signals...
INFO:  Signal -S F CH RESET is used outside the group.
INFO:  Signal -S F CH RESET 1 is used outside the group.
INFO:  Signal -S F CH RESET CORR REC LENGTH is used outside the group.
INFO:  Signal -S F1 REG WORD SEPARATOR is used outside the group.
INFO:  Signal +S F1 REG WORD SEPARATOR is used outside the group.
INFO:  Signal -S F2 REG WORD SEPARATOR is used outside the group.
INFO:  Signal +S F2 REG WORD SEPARATOR is used outside the group.
Removing 0 output signals that do not have destinations outside the group...
Removing 1 input signals that originate inside the group...
Signal -S F CH RESET is output from the group, but also used as an input inside the group.
Input Signal +S I RING 4 TIME replaced by Bus signal +S I RING HDL BUS
Input Signal -S F1 INPUT WM BIT replaced by Bus signal -S F1 INPUT BUS
Generating list of internal signals/wires ...
0 internal signals/wires found.
Generating HDL prefixes...
Generating HDL associated with page 13.64.02.1 (F CH WORD SEPARATOR CONTROL)
Generating HDL associated with page 13.64.04.1 (F CH WORD SEPARATOR CONTROL)
