Generating HDL for group named I1401OpDecodeat 7/24/2020 2:20:16 PM containing pages: 
	13.11.01.1, 13.11.02.1, 13.13.09.1, 13.13.10.1, 13.13.11.1
No existing test bench file D:\Users\jay\Schematics\IBM1410\VHDL\I1401OpDecode_tb.vhdl, FileNotFoundException , generating default test bench code.
Building lists of signals on 5 pages...
Found 14 signals on page 13.11.01.1
Found 14 signals on page 13.11.02.1
Found 22 signals on page 13.13.09.1
Found 21 signals on page 13.13.10.1
Found 22 signals on page 13.13.11.1
Found 40 unique input signals and 42 unique output signals, (67 total unique signals)
Determining sources for all input signals...
INFO:  Signal +S OP REG B BIT originates outside the group.
INFO:  Signal +S OP REG NOT B BIT originates outside the group.
INFO:  Signal +S OP REG A BIT originates outside the group.
INFO:  Signal +S OP REG NOT A BIT originates outside the group.
INFO:  Signal +S OP REG 8 BIT originates outside the group.
INFO:  Signal +S OP REG NOT 8 BIT originates outside the group.
INFO:  Signal +S OP REG 4 BIT originates outside the group.
INFO:  Signal +S OP REG NOT 4 BIT originates outside the group.
INFO:  Signal +S OP REG 2 BIT originates outside the group.
INFO:  Signal +S OP REG NOT 2 BIT originates outside the group.
INFO:  Signal +S OP REG 1 BIT originates outside the group.
INFO:  Signal +S OP REG NOT 1 BIT originates outside the group.
INFO:  Signal +S OP REG 1401 C BIT originates outside the group.
INFO:  Signal +S OP REG 1401 NOT C BIT originates outside the group.
INFO:  Signal +S OP DCDR NOT B.A.8 B originates inside the group.
INFO:  Signal +S OP DCDR B.A.NOT 8 B originates inside the group.
INFO:  Signal +S OP DCDR B.NOT A.NOT 8 B originates inside the group.
INFO:  Signal +S OP DCDR NOT 4.NOT 2.NOT 1 B originates inside the group.
INFO:  Signal +S OP DCDR NOT 4.2.1 B originates inside the group.
INFO:  Signal +S OP DCDR 4.NOT 2.NOT 1 B originates inside the group.
INFO:  Signal +S OP DCDR 4.2.1 B originates inside the group.
INFO:  Signal +S I-O PERCENT LATCH originates outside the group.
INFO:  Signal -S I-O PERCENT LATCH originates outside the group.
INFO:  Signal -S I RING OP TIME originates outside the group.
INFO:  Signal -S I RING 4 TIME originates outside the group.
INFO:  Signal -S I RING 11 TIME originates outside the group.
INFO:  Signal +S OP DCDR NOT B.NOT A.8 B originates inside the group.
INFO:  Signal +S OP DCDR B.A.8 B originates inside the group.
INFO:  Signal +S OP DCDR B.NOT A.8 B originates inside the group.
INFO:  Signal +S OP DCDR NOT 4.2.NOT 1 B originates inside the group.
INFO:  Signal +S LAST INSN RO CYCLE originates outside the group.
INFO:  Signal +S 1401 MODE originates outside the group.
INFO:  Signal -S CONTROL REG DISABLE originates outside the group.
INFO:  Signal +S OP DCDR NOT B.NOT A.NOT 8 B originates inside the group.
INFO:  Signal +S OP DCDR NOT 4.NOT 2.1 B originates inside the group.
INFO:  Signal +S OP DCDR 4.NOT 2.1 B originates inside the group.
INFO:  Signal -S STOP.BRANCH OP CODE originates outside the group.
INFO:  Signal -S E CH STACKER SEL OP CODE originates outside the group.
INFO:  Signal -S E CH FORMS CTRL OP CODE originates outside the group.
INFO:  Signal -S 1401 COND TEST OP CODE originates inside the group.
Determining destinations for all output signals...
INFO:  Signal +S OP DCDR NOT B.NOT A.8 B is used outside the group.
INFO:  Signal +S OP DCDR NOT B.A.8 B is used outside the group.
INFO:  Signal +S OP DCDR NOT B.A.NOT 8 B is used outside the group.
INFO:  Signal +S OP DCDR NOT B.NOT A.NOT 8 B is used outside the group.
INFO:  Signal +S OP DCDR B.A.NOT 8 B is used outside the group.
INFO:  Signal +S OP DCDR B.A.8 B is used outside the group.
INFO:  Signal +S OP DCDR B.NOT A.NOT 8 B is used outside the group.
INFO:  Signal +S OP DCDR B.NOT A.8 B is used outside the group.
INFO:  Signal +S OP DCDR NOT 4.NOT 2.NOT 1 B is used outside the group.
INFO:  Signal +S OP DCDR NOT 4.NOT 2.1 B is used outside the group.
INFO:  Signal +S OP DCDR NOT 4.2.1 B is used outside the group.
INFO:  Signal +S OP DCDR NOT 4.2.NOT 1 B is used outside the group.
INFO:  Signal +S OP DCDR 4.2.NOT 1 B is used outside the group.
INFO:  Signal +S OP DCDR 4.NOT 2.1 B is used outside the group.
INFO:  Signal +S OP DCDR 4.NOT 2.NOT 1 B is used outside the group.
INFO:  Signal +S OP DCDR 4.2.1 B is used outside the group.
INFO:  Signal +S 1401 D+P+Y OP CODES is used outside the group.
INFO:  Signal +S 1401 P OP CODE is used outside the group.
INFO:  Signal +S 1401 L NOT PERCENT OP CODE is used outside the group.
INFO:  Signal -S 1401 D OP CODE is used outside the group.
INFO:  Signal -S 1401 Y OP CODE is used outside the group.
INFO:  Signal -S 1401 DATA MOVE OP is used outside the group.
INFO:  Signal -S 1401 I-O MOVE OP is used outside the group.
INFO:  Signal -S 1401 I-O LOAD OP is used outside the group.
INFO:  Signal -S 1401 M OP CODE is used outside the group.
INFO:  Signal -S 1401 L OP CODE is used outside the group.
INFO:  Signal +S 1401 DATA MOVE OP CODES is used outside the group.
INFO:  Signal +S 1401 COND TEST OP CODE is used outside the group.
INFO:  Signal +S 1401 STORE A AR OP CODE is used outside the group.
INFO:  Signal +S 1401 POUND SIGN OP CODE is used outside the group.
INFO:  Signal -S 1401 CHAR TEST OP CODE is used outside the group.
INFO:  Signal -S 1401 COND TEST OP CODE is used outside the group.
INFO:  Signal -S 1401 B OP CODE is used outside the group.
INFO:  Signal -S 1401 POUND SIGN OP CODE is used outside the group.
INFO:  Signal -S 1401 STORE A AR OP CODE is used outside the group.
INFO:  Signal -S 1401 STORE B AR OP CODE is used outside the group.
INFO:  Signal -S 1401 NO OP.LIROC is used outside the group.
INFO:  Signal +S 1401 NO EXE CY BRANCH OPS is used outside the group.
INFO:  Signal +S 1401 I RING 8 BRANCH OPS is used outside the group.
INFO:  Signal +S 1401 I RING 9 BRANCH OPS is used outside the group.
INFO:  Signal +S 1401 CARD OR PRINT OP CODE is used outside the group.
INFO:  Signal -S 1401 CARD OR PRINT OP CODE is used outside the group.
Removing 0 output signals that do not have destinations outside the group...
Removing 15 input signals that originate inside the group...
Signal +S OP DCDR NOT B.A.8 B is output from the group, but also used as an input inside the group.
Signal +S OP DCDR B.A.NOT 8 B is output from the group, but also used as an input inside the group.
Signal +S OP DCDR B.NOT A.NOT 8 B is output from the group, but also used as an input inside the group.
Signal +S OP DCDR NOT 4.NOT 2.NOT 1 B is output from the group, but also used as an input inside the group.
Signal +S OP DCDR NOT 4.2.1 B is output from the group, but also used as an input inside the group.
Signal +S OP DCDR 4.NOT 2.NOT 1 B is output from the group, but also used as an input inside the group.
Signal +S OP DCDR 4.2.1 B is output from the group, but also used as an input inside the group.
Signal +S OP DCDR NOT B.NOT A.8 B is output from the group, but also used as an input inside the group.
Signal +S OP DCDR B.A.8 B is output from the group, but also used as an input inside the group.
Signal +S OP DCDR B.NOT A.8 B is output from the group, but also used as an input inside the group.
Signal +S OP DCDR NOT 4.2.NOT 1 B is output from the group, but also used as an input inside the group.
Signal +S OP DCDR NOT B.NOT A.NOT 8 B is output from the group, but also used as an input inside the group.
Signal +S OP DCDR NOT 4.NOT 2.1 B is output from the group, but also used as an input inside the group.
Signal +S OP DCDR 4.NOT 2.1 B is output from the group, but also used as an input inside the group.
Signal -S 1401 COND TEST OP CODE is output from the group, but also used as an input inside the group.
Input Signal +S OP REG B BIT replaced by Bus signal +S OP REG BUS
Input Signal +S OP REG NOT B BIT replaced by Bus signal +S OP REG NOT BUS
Input Signal +S OP REG A BIT replaced by Bus signal +S OP REG BUS
Input Signal +S OP REG NOT A BIT replaced by Bus signal +S OP REG NOT BUS
Input Signal +S OP REG 8 BIT replaced by Bus signal +S OP REG BUS
Input Signal +S OP REG NOT 8 BIT replaced by Bus signal +S OP REG NOT BUS
Input Signal +S OP REG 4 BIT replaced by Bus signal +S OP REG BUS
Input Signal +S OP REG NOT 4 BIT replaced by Bus signal +S OP REG NOT BUS
Input Signal +S OP REG 2 BIT replaced by Bus signal +S OP REG BUS
Input Signal +S OP REG NOT 2 BIT replaced by Bus signal +S OP REG NOT BUS
Input Signal +S OP REG 1 BIT replaced by Bus signal +S OP REG BUS
Input Signal +S OP REG NOT 1 BIT replaced by Bus signal +S OP REG NOT BUS
Input Signal -S I RING OP TIME replaced by Bus signal -S I RING HDL BUS
Input Signal -S I RING 4 TIME replaced by Bus signal -S I RING HDL BUS
Input Signal -S I RING 11 TIME replaced by Bus signal -S I RING HDL BUS
Generating list of internal signals/wires ...
0 internal signals/wires found.
Generating HDL prefixes...
Generating HDL associated with page 13.11.01.1 (OPERATION DECODE)
Generating HDL associated with page 13.11.02.1 (OPERATION DECODE)
Generating HDL associated with page 13.13.09.1 (1401 OP DECODE)
Generating HDL associated with page 13.13.10.1 (1401 OP DECODE-ACC)
Generating HDL associated with page 13.13.11.1 (1401 OP DECODE)
